80
125
183
174
979
87
995
170
559
269
197
27
67
159
559
16
75
71
39
671
9413
123
2111
92
153
61
66
85
295
151
659
58
23
31
37
88
115
284
97
32
56
14
749
80
113
107
71
53
83
123
71
614
223
239
99
141
97
71
233
87
239
95
28
223
17
167
74
67
144
379
87
854
63
298
7583
97
134
104
219
251
539
197
209
299
831
104
263
69
209
1984
27
77
123
78
151
367
163
42
25
36
148
144
63
47
61
6
155
89
751
214
219
113
474
56
113
34
879
384
342
323
107
155
111
293
527
87
2063
25
95
89
299
7376
137
59
167
833
215
103
24
229
79
713
31
239
219
149
167
48
113
64
118
170
399
105
143
60
1739
519
43
33
24
125
311
79
89
167
38
389
60
147
45
215
23
274
59
58
3198
194
98
103
74
70
33
34
323
78
110
59
69
134
179
47
7113
65
105
147
199
125
141
52
133
566
127
125
599
254
271
73
209
63
212
97
4213
54
121
57
303
107
855
94
155
253
573
127
129
131
122
499
173
195
11
351
131
62
239
1775
419
51
111
88
3608
25
45
107
111
48
51
39
147
37
46
215
122
3359
143
83
73
68
38
251
1140
1673
118
41
113
48
92
1119
79
68
1179
4753
72
62
76
95
351
27
147
605
63
65
77
233
35
161
107
59
88
113
131
23
46
53
101
650
92
38
87
53
899
2668
68
1208
149
35
113
2440
109
145
38
62
65
383
419
383
269
83
175
1343
951
122
419
71
77
111
636
117
52
131
83
26
13
51
103
479
133
116
503
66
769
123
135
255
9853
58
131
2374
113
144
419
299
339
189
87
64
31
85
30
199
92
29
197
28
42
143
20
75
81
173
26
159
125
65
34
153
391
111
64
164
36
88
80
128
147
143
275
47
479
230
298
87
129
131
48
159
307
125
117
549
5401
204
111
224
125
287
591
167
395
49
254
