55
203
169
159
83
209
147
207
73
131
87
81
117
34
105
67
107
103
80
63
167
56
119
139
227
296
185
95
128
299
27
1939
191
147
62
183
159
99
134
86
1289
131
2347
237
131
191
104
74
125
63
431
137
269
81
21
116
71
247
83
185
75
117
90
25
191
49
699
263
571
3455
103
335
7547
107
1359
329
91
131
123
269
60
184
4355
179
82
2463
130
58
139
275
46
158
589
639
92
119
115
129
53
323
665
230
191
311
269
97
35
181
274
33
187
14
78
64
122
151
83
151
45
349
35
9743
59
179
80
57
121
161
424
63
1169
34
239
335
155
52
58
42
169
49
90
135
69
265
127
969
157
74
66
80
155
129
215
139
87
98
539
79
110
145
527
99
133
104
149
209
161
170
359
689
203
78
121
155
45
72
155
75
137
363
209
41
213
176
44
179
119
599
221
223
239
111
1018
137
4046
131
189
75
75
68
31
223
56
1994
164
407
177
209
47
128
95
25
383
45
41
151
419
158
49
118
50
111
181
99
155
89
46
134
87
51
67
111
26
34
895
43
125
395
97
129
47
14
26
77
164
79
131
38
104
197
239
1119
93
174
65
111
157
107
85
89
485
829
95
45
25
92
83
17
1381
1895
128
91
69
93
61
50
67
114
81
43
123
111
80
83
239
122
43
1413
28
63
719
61
88
94
427
124
188
121
279
93
38
75
111
42
68
139
65
10
87
76
167
87
65
19
3197
85
144
524
135
671
119
101
74
377
59
92
119
23
119
141
189
154
179
131
125
2441
1547
143
47
461
311
165
125
479
791
65
73
783
128
121
202
69
87
383
51
131
335
545
109
303
125
61
57
61
363
41
69
293
117
167
75
79
31
25
62
66
3463
434
3338
149
384
99
80
374
90
24
287
43
191
34
44
155
54
135
128
79
54
127
713
82
783
263
62
503
57
32
567
47
299
55
189
91
299
749
142
379
538
63
8495
83
221
124
67
159
98
13
883
755
197
263
92
1407
140
89
239
143
659
52
12
191
68
674
6412
187
407
78
44
289
75
97
152
41
52
109
189
239
279
117
79
92
349
89
123
619
62
293
186
131
33
62
187
111
129
103
503
239
59
413
319
194
1115
110
287
88
1279
91
26
103
62
163
207
59
91
239
242
95
104
215
271
20
26
50
285
121
101
593
953
223
63
61
911
299
181
269
2024
64
89
96
398
71
123
659
49
155
170
113
66
67
3199
183
181
39
340
87
23
29
135
19
66
109
461
154
134
109
59
229
3443
881
21
75
41
32
293
151
419
81
340
77
28
221
1585
55
97
164
323
92
127
141
67
107
287
73
80
458
39
8
167
91
79
137
440
67
134
1013
115
65
55
224
87
263
223
68
13
233
55
35
22
1715
389
75
39
639
59
95
53
141
115
229
2783
167
903
171
50
129
377
92
3310
116
245
220
923
323
168
2441
344
1455
48
323
67
95
1855
57
2755
