1473
37
229
43
129
44
64
233
43
1199
188
134
135
13
245
44
71
539
33
231
40
116
109
260
95
35
1946
215
35
134
59
32
391
344
129
67
50
55
56
145
8167
27
72
485
84
49
195
431
67
107
287
7
82
38
124
1199
2087
449
57
129
122
53
97
70
51
64
149
1021
239
555
159
265
77
159
209
167
483
319
139
23
169
109
215
4
1907
269
59
39
47
174
87
69
359
89
2645
71
144
77
75
54
2447
227
68
183
101
335
314
79
143
181
99
91
919
41
139
83
159
33
164
54
137
139
41
76
97
119
314
52
431
81
287
699
87
181
103
424
521
110
419
799
84
69
44
173
26
191
231
173
143
375
141
159
86
81
307
152
349
83
65
140
101
2609
23
46
379
60
146
443
84
131
99
47
38
104
429
140
539
511
7
101
323
123
141
131
86
31
93
91
69
86
125
335
107
103
239
409
440
141
113
64
71
139
83
41
459
128
241
142
171
155
93
80
1094
143
71
116
179
207
839
76
105
763
95
119
151
71
23
151
407
402
199
95
89
161
35
77
959
511
284
137
89
167
1419
115
263
223
57
119
223
167
31
1119
54
54
18
65
49
89
67
105
52
820
8
341
114
203
639
92
128
54
45
454
71
51
197
215
54
25
1647
16
131
161
71
113
59
164
58
62
199
179
123
84
93
171
223
359
155
1715
160
123
160
151
83
539
383
128
41
143
87
367
44
395
93
44
135
91
91
314
146
67
77
447
279
335
79
35
107
209
2634
140
227
163
135
69
69
48
503
263
204
214
119
203
135
7
298
101
69
44
34
135
79
2127
27
105
509
314
61
167
57
87
18
67
80
237
95
311
101
97
83
251
235
99
40
441
321
45
37
8796
135
195
463
50
350
303
181
65
71
131
56
1979
85
307
134
279
175
110
37
153
95
105
10
239
68
50
48
49
194
1631
66
307
87
169
74
1111
267
157
131
67
314
319
608
50
167
49
591
135
95
5
49
49
128
80
151
47
120
37
1059
1039
194
426
149
359
314
2399
105
137
41
4
185
176
76
107
105
32
85
3964
121
287
719
56
67
123
449
899
30
114
323
43
216
1832
341
125
44
71
351
107
68
63
45
48
251
87
101
87
83
117
149
76
58
59
575
305
67
53
90
126
39
623
395
95
182
111
407
269
48
37
161
203
407
164
46
187
123
110
389
258
959
68
181
69
181
56
25
60
185
227
89
7561
55
117
279
107
167
67
179
379
89
107
299
209
25
109
203
239
374
65
1043
431
173
11
49
1511
239
185
503
101
159
1889
71
20
97
285
239
99
109
272
209
33
215
121
454
101
104
141
109
71
107
155
37
279
153
85
95
2231
323
147
489
441
135
179
119
6639
692
703
164
143
79
305
63
230
143
98
109
127
44
16
67
179
11
95
49
335
219
133
769
279
369
129
479
43
264
76
77
83
99
97
181
144
131
4764
84
434
57
3079
797
137
77
594
51
323
127
527
41
79
160
167
199
59
142
91
80
139
80
81
263
104
199
62
24
47
204
237
78
359
21
77
311
85
377
79
153
155
58
890
61
131
107
107
21
9
1239
137
53
77
43
152
114
45
87
531
263
80
103
161
69
110
215
141
113
83
350
203
176
55
59
