86
129
21
119
119
889
69
337
67
54
181
159
72
49
107
170
24
769
57
215
186
89
137
79
72
107
71
97
59
129
19
64
49
45
95
287
121
23
95
199
179
159
233
139
125
76
47
103
189
76
118
135
674
23
99
309
122
239
75
13
179
56
335
209
71
15
215
21
74
94
43
44
6290
151
311
23
101
251
251
62
40
171
131
155
56
71
48
814
214
95
566
701
118
231
131
142
65
293
109
1392
62
344
94
104
35
15
2023
249
149
123
216
244
15
377
647
539
43
123
2499
135
155
107
115
45
377
54
110
189
197
439
107
107
27
233
93
125
223
191
128
216
151
118
75
131
447
439
53
441
96
28
1151
97
34
671
169
129
113
864
644
44
447
3985
91
147
44
39
80
73
188
109
129
151
45
177
91
34
119
83
254
199
128
104
103
311
26
35
359
38
159
83
154
119
152
53
67
87
139
158
155
5901
1729
98
33
155
109
34
239
321
783
56
89
269
185
38
135
53
329
84
379
14
1615
735
74
99
11
191
1519
283
55
356
98
59
129
27
1416
85
97
254
447
351
89
287
223
395
13
755
119
34
107
67
575
155
475
111
727
69
81
74
6768
35
51
111
191
56
59
116
109
35
511
363
167
167
107
242
97
104
62
329
5415
101
143
54
98
1223
71
74
64
155
173
295
98
84
219
173
215
167
187
15
59
239
93
31
109
158
107
26
839
189
70
15
184
147
524
77
467
187
47
97
121
319
48
44
34
177
183
69
47
23
111
524
131
101
12
195
116
415
58
23
84
72
33
119
139
215
281
91
125
171
170
71
570
139
77
4589
93
26
16
9
88
119
119
1374
339
81
116
35
935
362
77
53
413
14
197
299
33
554
64
161
75
49
13
30
45
479
70
41
255
231
2498
122
29
121
101
14
165
783
85
1099
223
79
49
890
219
151
41
461
146
80
29
459
349
103
191
86
74
72
95
123
61
73
81
123
93
10
141
274
47
63
215
165
