116
203
83
2807
109
27
271
68
199
95
164
139
21
71
55
90
15
99
56
67
55
78
319
95
116
64
151
82
1549
62
151
62
69
65
271
153
714
107
97
135
154
3129
70
131
43
2089
91
7771
143
494
377
87
227
80
89
36
67
289
67
147
114
59
115
159
321
965
303
115
131
73
103
164
110
104
74
659
60
167
299
1229
50
120
83
145
80
26
1325
351
53
285
98
76
92
245
51
131
2644
389
119
71
367
227
66
89
83
83
116
114
383
163
251
184
67
363
4606
175
287
59
80
39
29
83
65
167
67
65
5871
474
104
131
121
391
73
111
164
91
209
89
440
237
179
643
179
295
89
98
145
319
41
107
255
134
132
355
91
105
51
54
43
83
881
77
227
127
76
81
725
67
103
1903
429
104
1889
80
247
383
119
1703
601
223
311
146
127
265
149
223
83
255
77
121
51
5993
251
36
255
37
69
127
45
285
122
239
974
27
55
1007
65
109
134
76
149
111
105
60
101
125
43
125
33
161
95
94
125
769
239
35
239
87
95
1322
157
47
159
86
69
64
74
91
189
145
179
114
279
339
119
65
647
58
131
42
137
99
32
305
449
118
1583
75
114
944
73
67
142
475
2774
2231
114
249
131
545
230
71
149
623
207
115
170
71
111
224
97
80
255
1073
95
131
16
139
48
38
31
28
323
188
224
369
486
219
719
164
93
52
131
131
203
215
31
113
81
84
83
103
56
719
539
103
647
303
129
20
45
37
35
80
21
21
76
191
485
89
63
135
183
131
95
287
58
145
279
93
749
25
85
61
71
175
571
99
163
46
124
97
72
75
639
63
794
167
110
88
263
65
101
252
80
81
258
44
409
8966
531
137
25
161
239
71
152
59
146
45
167
1151
2910
350
14
195
959
269
1535
69
45
1119
90
207
153
49
101
74
128
140
66
115
247
531
183
671
86
41
249
113
89
293
467
145
154
51
143
