759
7217
267
149
68
247
4179
66
86
64
103
119
179
185
127
407
25
56
74
96
6604
72
164
113
179
103
59
209
75
47
97
135
79
15
127
173
62
53
32
29
31
59
115
73
251
58
43
154
19
185
98
127
42
95
85
131
1364
61
159
152
44
49
131
883
199
161
107
272
117
47
61
309
16
183
227
379
399
81
149
167
58
35
991
75
331
207
989
4227
119
503
19
5779
143
3439
29
80
119
15
43
571
161
191
199
34
47
16
143
78
602
89
83
59
71
21
137
182
95
359
63
100
47
98
104
2143
4081
91
122
239
76
311
23
167
679
57
129
207
86
154
1182
299
123
215
121
6
95
89
84
18
128
113
11
407
305
117
128
179
99
89
73
95
137
175
101
881
399
26
194
110
743
111
299
335
37
46
103
95
1247
149
464
85
431
2303
79
179
89
113
36
139
127
45
113
39
284
1484
247
5046
84
185
339
97
161
231
527
69
629
107
1151
65
69
272
109
71
881
549
95
278
293
857
65
3151
85
45
53
185
131
72
296
986
25
47
86
95
269
45
75
205
38
81
116
40
79
71
34
16
509
251
123
81
1572
119
128
87
85
181
359
129
109
163
139
33
59
71
139
30
260
230
203
55
11
377
61
170
254
54
68
719
139
122
45
117
209
83
4927
99
153
186
123
42
151
159
56
209
43
135
999
113
1424
51
37
13
117
47
118
61
191
38
6521
109
407
176
92
899
53
119
753
1359
185
51
263
2174
86
173
