84
52
122
110
15
239
254
34
43
307
527
391
47
1079
608
89
147
83
1187
64
127
91
80
181
369
167
271
174
74
215
129
203
83
153
259
181
91
22
92
679
259
164
257
211
53
37
65
23
152
76
458
72
44
176
1199
219
87
103
101
68
289
71
554
68
251
227
31
52
114
110
419
43
2323
63
15
287
111
131
182
110
839
92
111
79
109
1667
311
109
255
199
169
369
64
113
91
379
59
485
224
189
131
117
101
87
59
41
19
105
103
40
269
20
87
113
9
223
167
287
303
28
143
109
135
59
134
339
62
71
171
62
57
84
143
2138
284
319
329
349
68
127
344
167
167
944
23
77
524
53
34
24
199
687
56
191
72
128
87
65
101
831
195
734
45
93
69
105
110
63
123
151
349
231
215
92
1319
83
173
28
76
49
701
3749
181
4626
305
73
79
60
173
188
959
4
191
124
125
45
174
791
12
399
153
37
157
99
164
71
86
31
93
189
80
123
98
14
83
23
123
129
527
48
82
209
24
45
87
407
149
104
95
94
77
285
39
350
109
204
2819
359
80
195
48
140
4211
360
472
139
239
581
139
56
61
103
2639
1529
143
195
132
11
539
64
254
85
119
197
95
1559
67
119
123
146
314
111
146
267
25
82
67
39
240
51
111
44
258
107
95
575
377
303
87
88
78
44
110
83
7507
539
173
159
151
71
26
58
89
127
223
139
175
31
57
224
557
263
1100
119
131
191
207
31
39
61
109
111
61
52
359
85
101
173
359
53
57
110
188
129
74
272
85
45
182
23
1223
91
125
110
269
65
479
455
35
71
50
335
129
122
263
61
269
143
1197
217
179
2456
33
57
