86328
1776
18028
24090
75368
176043
8012
25017
56466
84934
44526
2737
25595
14299
5046
146849
35015
65818
6191
60366
79364
27509
37143
18712
48470
24223
19831
54695
20672
25416
17321
164219
114827
22096
40071
53818
27356
66862
24596
26515
53321
22477
16340
27331
5796
19663
12088
15896
15361
9
47339
32711
5384
42292
54495
60771
21062
58102
23552
4329
4376
16589
286943
42466
48705
40931
13862
58245
24063
16596
64448
1323
18512
19325
4232
16881
33248
13857
5361
42051
82997
15578
35198
24710
52465
409511
41012
7747
22926
45008
22604
34455
2131
69965
9831
34913
14097
41448
3225
11463
32507
17552
66015
470
13656
60239
49143
16522
31372
11420
22411
51724
142775
36829
56237
982
23867
9796
18542
40046
25947
15491
35279
8303
21195
63311
8775
8545
48538
1292
950
24812
31570
60779
19822
53937
25835
60535
6044
17540
674081
15320
46357
75436
17552
42868
4576
73840
48989
4152
33626
19838
7180
59188
59733
57956
37806
307859
1957
38844
22680
13900
92104
25144
39491
13325
67834
19376
39297
5089
15639
31402
1353
11138
24908
25196
3161
15922
24228
13353
21209
8942
13535
36294
16572
23338
38763
24980
43252
52310
50486
88154
676
3344
7676
34531
13456
2054
22804
25230
1621
41248
70557
6784
20338
34627
37479
30715
62323
35517
44736
25054
66984
38661
21586
30102
24057
42235
92046
81282
61270
40080
41552
54001
61191
41447
62389
8742
164735
67469
12830
38735
44171
10974
30504
152249
19841
11860
10834
26919
13917
29253
16926
1
40041
26775
31515
15848
41708
25748
53515
28421
11333
69655
12124
60090
24197
19314
16984
2454
76799
1916
23885
9512
15968
21027
6431
24138
11806
22525
30397
38062
43918
24393
78089
73243
45828
55665
50368
3852
15751
17337
45219
27960
19578
14345
7866
30170
30835
41882
9876
64030
107205
56300
40503
83588
31531
21950
65618
38774
83788
16797
59012
36548
13129
81401
61402
40687
69681
65237
85020
40864
23120
18713
44226
12739
21033
72576
20844
1659
68897
32652
68087
64357
27582
37090
18928
12201
55674
49073
28893
35407
38696
12708
19628
34034
75737
43013
6482
30716
121925
23792
38141
29103
4722
21160
15426
4160
3836
71846
22732
49296
28287
19355
13507
11586
28255
361
5710
30956
71983
3786
29303
68713
42001
50941
46116
16828
15435
67714
60051
5904
10848
49625
28475
52201
6328
20106
43051
39749
20720
83023
81625
48914
24328
7099
70069
35006
30210
25506
897
51938
14480
44257
5450
4904
266939
42532
11087
4464
13624
7691
22049
12825
25667
10460
32086
32463
74098
29742
46209
82999
50686
85679
32741
28966
55278
40308
36740
72027
38807
3847
10919
65371
2867
7328
33670
8168
22042
70286
8119
2770
31627
3661
8677
110352
4721
285
23802
24204
345119
5825
3977
65829
30981
13635
7660
51506
8720
24096
33741
1978505
847
1527
42091
60175
23654
517
44046
11284
11997
35103
44358
19365
18200
8629
75575
34670
60716
459095
16653
92585
80848
20642
5085
97894
13768
14362
47091
22763
13004
6455
87095
34944
200
9180
12718
58539
37938
35126
20048
27764
35035
89220
42707
35572
21548
77405
40236
31
15714
11171
20311
90
90993
16654
1506
87335
37232
41464
84209
404
24934
26501
56993
35139
8376
46455
84488
20088
1259684
24703
37012
47631
71119
35536
26975
2926
6403
348089
35492
29076
16409
62686
18355
59109
61139
26866
39074
9720
77939
89149
45462
33457
40902
47304
76551
95687
15102
7402687
9519
54523
56064
116259
41721
26025
19178
55157
8923
2789324
22464
34597
4481
86830
765
31980
17219
61350
23665
39196
43529
36708
57979
40878
18641
47825
84344
59577
28686
56790
534
10765
2991
25959
11387
11390
17797
69865
84168
225
29309
15016
63101
10905
9481
31586
19750
36404
48248
39894
83567
18826
10099
6171
38788
15377
9217
27423
40485
61955
4175
27140
32451
42980
17556
374
76118
9736
100574
40103
38906
22190
19808
17879
29574
5012
90818
30306
27866
6904
43537
57420
29922
45118
38414
5612
9403
72943
66435
15928
17871
12199
28560
49374
14811
53379
16059
21610
41728
35730
50024
10777
21578
1266
48552
19172
48977
13523
4345
21768
52729
40428
8151
36864
20085
23276
35916
7576
11564
24897
20748
9437
23928
41517
21416
72512
45232
62065
23263
55231
71683
5173
2708
9776
46126
20748
51739
670
39711
148499
30467
49270
36462
9202
22582
27855
28200
30285
29040
24440
2948
1272
18942
25858
49801
4444
10931
21031
64980
43665
29496
30271
1784
796
35052
43376
41267
80589
66100
18395
839519
36599
9221
22980
12416
2938
546
14189
40412
32019
71074
33675
22812
50812
30023
55051
89366
60154
34110
260591
50369
94783
32428
30648
41566
3520
32624
72336
39375
126
11656
18838
24599
59463
69561
12563
26533
40111
21267
459
7208
32442
21123
45305
1000
50480
61054
490
59948
23077
23312
19020
27776
2659
29317
31377
9524
5415
72678
22574
1344
13565
11220
28626
2834
5277
68266
16813
20904
51099
36150
1239
51946
58510
8052
7868
44249
1253
4580
13528
76736
88585
7807
9410
15622
21704
5491
48951
68188
131630
63440
500174
591
32263
48145
63341
22787
70634
7812
47495
7104
6396
58906
73608
16881
81321
83838
5709
35644
13482
23118
65757
34571
33908
25467
34296
16209
42328
77155
57159
15694
31137
1058
20447
11353
6710
12231
64907
77918
77240
26230
11471
57964
22509
89912
3120
625
19678
23074
30713
2704
40699
8690
47863
40662
4950
81070
33138
1841
50140
10770
189430
31408
49318
26824
12182
8896
3368
31239
30573
82839
33026
34569
62058
25507
24425
32142
18424
10648
56914
46239
45353
22644
50773
30898
48382
72240
11544
20919
93772
11603
63320
34387
4071
63067
25269
2452
45174
49868
40464
45950
36339
325
65932
11909
134
9580
48383
4988
20715
38101
27146
14055
11096
38921
18556
37344
21618
627
42501
47617
17527
9790
42273
30100
23405
49288
21497
145871
15868
203
55328
16899
69459
29013
13148
25593
5038
390
64600
34078
63297
15754
20394
42278
20123
29455
29709404
41239
72178
38664
4030
35608
8700
9816
31594
29480
53159
4950
25014
28252
68487
25155
10843
209879
29598
61315
20406
1274
53148
32569
7180
8449
147
464507
24515
98175
12416
14037
26070
40112
7937
6339
29459
50896
39938
37252
60747
62266
49372
74302
36331
72030
19536
25515
240
36795
279799
69485
2266
26708
23494
102059
7117
16419
35684
2951
16723
34526
18936
20695
32020
79505
61164
57529
53651
28468
6070
3293
4956
65767
40108
24498
15067
37187
18653
80884
63299
61010
27441
47530
17225
1085
22625
50469
62395
39695
8256
30538
35385
62497
52946
21170
31938
22421
63259
32454
78335
77696
5894
25583
51260
19479
40544
23337
21980
13212
3712
73426
2324
89994
73945
35898
45943
48445
1128
43017
14406
24014
38947
45009
3719
21182
7406
14048
5344
9847
19601
4089
6245
40970
40584
73066
78047
43766
44391
8451
60986
67648
78550
26102
28992
12812
42788
44534
42634
38582
81644
15684
71397
4742
47829
64304
17833
133415
34708
54119
43121
49725
46440
28816
33635
0
8700
53076
18014
59741
23014
38193
80217
11548
16664
47819
24387
3212
46577
34082
87287
35910
39809
36480
7782
18469
6061
54911
93209
461
1965
30572
79750
31721
59593
52065
44948
68614
14062
2706
54026
32945
96023
1221
16709
24575
447
23212
66394
47516
8447
25122
17834
85971
42725
6573
58677
64067
5244
2033
37645
30978
14964
1932
41459
37454
64452
12228
76800
35868
36875
45242
31591
80592
203831
49213
41411
31111
35362
5532
2156
6194
46999
36919
110168
1189
52167
21812
54100
9511
312
146429
222
5800
30957
20665
1614
69436
31688
77381
25377
23830
23270
23296
17401
33156
66744
181079
47193
9607
39389
16553
82540
2100
42725
34669
12847
9720
87294
74364
3949
55114
37802
1217
47173
20876
25765
59828
41782
546507
360359
74409
39692
20054
5619
12376
8709
61842
65329
25452
59178
35332
18910
37845
61859
14160
82201
5905
45667
2823
0
65683
37344
31642
18335
4911
3298
17906
5170
25787
21850
41984
34079
25536
240785
21139
47536
27272
18250
56451
2238
185744
62116
30147
77618
10780
19655
26652
24041
9097
608
6625
32737
45263
11974
139895
65755
11496
28458
24036
8947
49382
29455
15413
26573
43434
81606
19498
30652
56617
24551
576
15914
72277
52985
150935
97949
15215
41107
35267
185
3255
19836
44443
25008
390
32564
17649
52170
411
8871
35484
63303
14638
82087
77179
38098
7115
22041
13844
10791
62562
21412
12924
19146
61924
8050
41273
2981
70891
39711
12715
62505
28887
56759
25267
58280
8857
42379
27840
4108
4989
89862
22448
18757
8097
15836
23893
76409
112727
38557
59153
22482
57119
26119
4334
21876
11351
24028
44111
12199
34720
16193
77129
708
5879
18295
8521
4888
42800
11169
768
42013
1501
42080
24720
68476
53931
103439
13534
78031
23953
57022
48856
17126
48869
28311
13068
17822
70081
41232
24927
71291
15062
29132
496
46800
76878
86262
15864
56885
19282
25319
52875
26096
8626
66332
1413
9759
23048
21612
74195
14472
77998
39812
11242
17474
15914
30885
22088
83398
651
74496
11078
42555
6222
8276
19858
33295
7765
70373
62657
15183
61947
24264
41939
48054
32820
9333
89849
83939
93
53753
19929
73445
23699
43586
57639
133619
26174
4292
62470
27064
23375
74069
24131
40905
66624
63895
83656
1097
6500
42800
1947
285
45984
46780
5309
60877
45957
90511
24398
53746
87281
20227
4381
4891
8232
53023
49620
6175
143783
45652
13992
76033
2058
39198
21559
49402
8690
70982
935
13875
41600
10751
58723
52474
81211
360
7536
29149
65129
151999
84847
8
12204
15420
53785
95432
50301
7673
24422
16492
9678
12809
77326
29838
53483
37036
52665
42372
3576
10145
3284
44458
35184
18481
6374
84399
30302
23833
29367
26457
51233
14730
76166
44558
32412
4957
38792
7629
57601
11956
9291
8490
36858
11089
59369
13161
20470
49954
27295
68575
71338
25902
61941
17598
33385
14935
52654
27850
23475
9348
14517
26803
6727
15356
30684
16543
29425
50189
17840
26330
64099
67038
19803
27265
27783
2122
579
16919
36398
60988
42836
47535
9116
44723
1212
50982
25980
56975
49603
31850
41867
7403
60168
28211
29428
83844
138443
31735
3192
93086
63565
1893
3032
49347
16291
62929
402
36495
76464
29606
15404
81294
12007
28156
53775
23798
32910
72669
12256
14180
23483
6984
68584
6761
28262
9105
36284
27385
141
48641
265
43669
33584
3570
62200
13746
51513
132179
24924
25866
33830
34159
52255
734
31736
20650
39592
12417
44631
82534
29588
1044
46215
25650
40773
190287
23635
3423
50686
30837
18139
64709
46453
53451
18835
65479
7791
61167
89539
24621
42931
29110
14340
66927
5883
45911
70469
23880
38478
18758
18344
20589
64163
7113
50995
47443
5456
12497
28097
2314
17025
112
16490
114729
25720
46798
38550
5675
27585
84072
27037
36651
40112
28905
5660
15142
17614
16976
4255
7266
49230
17284
482
36139
4623
72385
7242
53220
35102
2520
3022
13165
9138
17800
38721
59257
51381
30316
326367
46389
42473
15317
11315
31750
90881
45952
23120
39483
387
35296
59604
16915
41779
75888
3821
55485
7099
55214
78355
59420
42679
23374
455
20692
19792
97280
82365
55507
11279
15324
13280
7195
20014
17452
37607
4224
22643
70188
497
83798
18588
79253
6780
2252
2072
78613
21615
8388
30323
43152
32996
21817
24524
1991
34536
16598
61853
52299
37746
42634
49615
40293
146915
41730
1007
34590
56988
18650
37772
44315
79337
653
21340
58429
24038
54908
22333
8586
35901
36230
12452
1740
12812
19460
14223
72080
29932
28599
30939
24272
60570
25315
46252
14741
55323
39867
24359
54517
18633
13341
56511
42817
67232
62649
39390
59664
15138
53422
11814
3081
29053
44926
21820
51091
17652
6771
55966
23826
42513
27458
334179
33398
38724
19663
99159
69936
33471
29840
147575
32918
43059
37985
28962
18291
25782
1826
74648
33050
42228
26339
42587
58295
14211
32879
36496
64187
33604
3200
13576
36677
35146
15549
60724
6763
2356
42733
34580
24536
33132
92763
31390
50744
20603
130247
38209
83980
49276
55746
297
18240
283283
2031
4120
2650
10238
14731
1250
35121
57673
42908
82267
21246
29182
18027
52027
58972
22708
31344
23815
28375
63135
68781
12756
13831
63346
56702
184
71029
16070
35689
79211
28685
39078
18010
39892
17865
2967
24976
25935
79086
8662
13804
2334
30274
33267
17956
11669
56393
4900
224960
985693
52307
25520
42921
70550
1396
54045
60899
41816
240
81428
48600
26118
17112
25140
56233
4624
14484
11740
29187
39327
77159
35638
558089
54305
74712
1624
38980
53166
149057
650
24519
1118
33026
27328
188138
14754
495
40865
22733
21632
63476
18078
1704
94057
42146
2954
51654
34696
3246
43999
75339
24623
68233
52195
60323
24411
24141
10555
172
50230
52775
9155
90905
45899
5682
77999
37666
56598
23324
16227
52065
20639
40270
3573
393
34751
86317
3078
54055
39045
44268
16394
13438
42883
67994
48796
133455
47670
29962
66742
9205
42408
15163
50
59197
23971
3441
2559
19459
45362
328054
35151
24160
19907
50279
64979
31441
25073
86241
31649
7437
25290
32071
57918
4983
31047
4170
14318
3026
3952
41195
6882
