151
31
269
134
59
139
143
794
25
82
203
84
93
135
234
161
37
142
69
479
1487
405
263
719
153
251
758
56
35
404
1979
149
175
175
227
81
131
174
65
65
74
66
101
119
137
175
199
140
89
377
533
28
293
146
30
237
179
163
5452
1988
134
184
49
146
2667
23
167
202
38
25
76
83
143
84
46
74
987
173
271
85
351
26
71
86
719
209
132
139
35
110
101
84
139
66
49
1279
75
89
219
40
260
168
159
704
87
285
347
113
26
245
594
251
123
241
189
1119
227
531
103
134
103
84
305
9
175
86
79
137
75
71
54
116
179
539
81
125
398
86
103
179
35
69
415
285
64
1565
68
47
50
209
119
30
39
209
143
155
9956
33
63
145
58
77
96
3067
103
287
71
113
28
91
299
129
167
131
2379
53
904
21
629
159
87
95
164
215
114
323
1175
93
84
59
143
183
21
231
70
46
241
1695
22
68
119
98
137
82
76
259
135
965
89
149
101
231
267
227
113
347
215
59
53
139
73
149
1007
341
52
41
259
173
53
174
140
129
70
623
135
121
101
103
62
74
183
463
35
207
34
119
107
188
135
94
54
175
539
167
117
79
74
125
9
50
119
85
99
113
1295
171
105
179
197
90
581
137
137
89
121
454
209
134
105
49
62
113
124
61
69
115
55
181
91
125
103
285
214
61
133
185
104
137
185
42
33
48
104
46
95
179
629
99
114
1175
714
1643
137
82
863
159
61
219
111
53
499
157
139
755
96
149
41
16
131
615
37
163
95
155
65
139
129
42
363
615
42
449
623
83
116
36
110
1311
124
79
63
319
197
36
175
307
208
80
79
123
41
127
119
53
35
659
71
215
4624
62
4
3023
32
139
83
143
109
51
299
622
214
145
128
98
40
229
50
95
289
335
71
321
32
62
30
254
59
195
82
125
362
53
151
629
1561
593
105
49
59
128
54
215
263
103
135
65
131
214
4073
37
185
154
174
119
119
14
103
133
87
64
1049
123
224
103
78
65
413
20
449
175
60
269
27
171
524
377
124
131
4293
137
120
69
117
107
41
63
379
323
69
125
101
1286
62
51
215
56
117
79
3830
278
47
419
31
383
78
98
111
119
70
167
75
97
44
41
82
2449
223
83
3413
229
117
83
117
62
215
143
191
43
1343
51
39
67
153
37
93
80
76
159
131
279
239
155
149
48
83
109
125
227
91
839
68
129
1749
246
107
107
269
28
818
107
329
