22
1364
61
117
101
95
59
71
56
19
63
325
359
25
49
293
671
57
155
79
143
80
89
279
169
54
155
159
94
776
119
33
35
159
245
169
221
34
175
53
44
52
101
107
19
135
263
103
203
59
83
89
203
127
63
111
419
132
17
71
28
44
311
75
255
48
118
9
19
155
186
65
207
41
127
97
56
31
445
3239
73
71
254
103
167
92
80
95
98
95
117
911
63
239
323
34
44
699
255
379
117
485
137
528
263
44
324
33
47
87
143
539
55
169
194
75
5749
91
153
43
359
58
61
107
321
339
152
154
263
25
223
107
119
311
175
1354
47
80
97
129
104
195
857
199
92
179
103
343
83
99
107
231
47
43
83
279
146
72
79
178
119
44
69
30
11
122
60
80
154
89
363
133
171
29
139
131
153
72
86
695
134
103
209
41
92
263
32
51
25
127
287
251
1919
47
95
587
139
521
251
77
127
179
122
160
40
85
186
38
135
95
353
1079
21
47
147
239
404
155
104
161
131
129
79
499
85
485
299
75
135
29
75
59
223
65
149
759
66
125
110
398
57
167
141
263
88
69
134
95
239
839
147
201
48
269
153
86
115
114
115
68
67
209
419
56
605
670
174
103
111
344
43
323
119
1139
93
81
80
97
59
84
79
99
767
175
18
46
307
134
71
287
89
47
1601
407
59
224
28
64
153
56
215
53
245
78
119
27
239
146
211
140
695
334
109
296
71
91
97
164
81
161
115
119
7393
169
5903
263
363
117
43
66
1352
179
1474
44
19
575
431
45
30
419
155
1245
247
44
122
1247
31
97
69
131
71
79
215
181
649
207
2477
343
391
269
58
363
67
508
92
81
79
109
38
59
46
335
151
119
63
134
42
230
75
101
85
23
524
137
55
46
264
101
101
92
197
71
103
1189
184
79
68
1014
247
1463
815
109
102
269
91
332
207
57
65
33
253
41
527
143
46
77
155
692
188
539
153
38
373
103
63
134
419
82
154
86
109
239
122
461
3359
140
9057
309
22
67
189
103
42
639
67
104
71
183
131
107
99
17
487
937
152
78
104
324
79
44
137
161
98
95
175
339
1199
90
881
70
40
51
98
62
287
237
79
395
207
167
79
84
79
82
92
263
62
259
71
1343
55
60
455
49
71
104
94
91
249
115
121
818
82
89
50
163
67
329
13
899
179
629
135
255
89
49
194
103
113
179
143
351
170
366
25
167
107
223
189
137
114
168
102
167
191
101
68
49
155
137
155
164
149
55
153
109
67
176
54
231
35
61
179
89
191
42
90
407
98
359
104
152
41
89
77
158
78
131
123
181
46
46
123
103
339
197
66
7
90
171
170
139
60
43
39
123
229
119
219
117
27
85
265
1583
152
56
53
129
78
79
479
99
73
179
56
99
68
131
155
249
1409
2106
209
115
209
34
87
27
197
284
127
16
305
169
94
167
272
185
143
9
174
67
377
80
179
181
224
415
203
119
121
599
98
851
794
159
135
246
1149
69
113
18
135
659
64
79
305
34
92
351
63
404
70
52
1595
49
137
989
314
335
179
16
83
29
179
117
239
113
114
43
62
116
127
73
515
107
159
47
635
169
199
68
66
107
258
85
503
329
35
978
139
107
54
42
1061
8
39
101
185
133
111
134
73
179
40
87
187
113
97
104
131
447
1814
61
379
639
179
59
163
235
159
81
52
36
24
305
97
161
167
122
71
157
55
377
49
29
98
72
103
263
189
197
19
545
155
48
129
394
329
189
499
209
77
3438
93
252
78
88
50
132
384
188
