161
65
117
84
731
251
90
269
19
111
80
153
62
42
1859
83
67
117
151
2176
97
293
109
113
56
74
512
197
485
519
95
78
529
429
239
111
65
68
21
167
323
43
64
171
70
101
49
49
93
27
90
322
77
4556
494
254
371
1119
12
49
263
151
347
185
113
143
72
1007
87
197
40
14
2051
42
299
99
77
23
7366
46
307
89
1183
359
197
119
26
151
74
15
84
95
35
599
137
79
32
171
169
110
65
89
606
539
167
171
123
224
264
179
121
36
119
122
129
99
674
55
179
77
167
65
230
134
65
135
92
89
60
33
132
80
154
45
83
149
45
167
129
415
191
48
45
45
113
114
439
35
85
296
38
47
279
1091
111
114
87
149
874
191
111
2851
29
59
128
60
101
44
47
191
155
69
71
24
79
41
50
89
111
99
59
287
5
107
143
127
255
174
71
56
77
127
94
179
101
663
67
433
33
171
139
71
755
375
46
168
171
13
167
839
1791
51
49
