65091
58033
4836
48786
53736
16331
7677
15081
4953
1458
57776
48909
52877
14618
8825
52781
72834
58871
68762
3755
1647
39862
449359
18530
16857
30845
21713
12123
75605
48147
53802
18810
610
60477
27696
62984
18875
10384
13964
19694
51910
41469
8095
51820
77298
39979
2700
1197
9010
21385
13051
78575
47837
41013
4683
17
7076
11900
8752
45445
34526
17559
9938
20964
26008
75596
22361
95993
63103
5291
772
8011
28241
26047
75500
5430
57102
2786
44706
47102
36472
23562
5039
13155
18630
10388
15945
40194
54547
5175
31241
32740
57392
30600
44387
1861
55331
31121
74947
30010
42282
32820
70543
29747
36841
50006
16756
9434
7587
61783
39832
3445
23587
17769
29495
9775
52870
61011
31239
24650
33723
69927
6527
21560
4747
19901
60721
14695
23862
7340
19328
7656
405503
12788
13224
55549
51780
32485
76673
5351
6768
12669
16385
65355
760669
45255
44700
583
45955
66996
1782
27515
32494
700607
31483
14900
37211
29916
92355
41010
2695
64136
20120
2393
41515
11369
49946
84712
50056
34322
49760
3251
40361
16508
2640
67007
71563
10052
66429
14397
36660
44203
13123
12591
38659
73075
40595
28180
9243
69137
59649
21641
21158
6709
41299
42200
31695
16105
18046
3738
19100
18429
42735
3465
4348
12632
28561
21812
45507
36458
16184
17279
26912
35747
15862
25142
7959
35116
58135
5359
6818
33924
56646
24873
77733
28445
62479
17779
6350
79674
23698
15293
31797
27292
47233
28458
22091
46664
83488
3577
61963
43869
36936
84258
82349
13965
34330
472
3338
70941
23484
1305
15526
14347
16255
14845
54912
25507
11957
24501
87647
21529
13969
10647
8429
26642
40194
61290
3418
2977
32340
52105
12174
77660
48059
12730
30108
28635
39825
18239
1134
20449
6056
4748
33928
19768
41565
6544
93663
16071
39378
1767
5994
61315
27891
11800
41615
24526
40915
19071
8119
31367
26288
18740
60789
41318
23239
89212
22319
30892
77495
51642
1390
8894
19848
146
23378
17812
7736
63151
67562
46856
28013
49725
91469
1358
41396
45462
59774
1388323
37428
28657
66848
38515
13667
45994
9238
23963
11244
11056
27045
20218
39628
67037
59891
43326
29733
12753
48734
83893
67586
39637
19482
25235
210
36167
6952
3249
417
93851
35952
95798
35125
42032
161431
22126
7876
23888
5232
1317119
17309
23507
65967
81031
54279
6982
6124
6179
20591
9799
88182
8010
15244
6272
7583
44698
13897
2233
78785
44472
37996
73889
23062
37652
23617
8145
23834
64432
40566
85636
56234
29470
5374
386399
55282
83417
65288
37446
5161
42509
61041
7978
21523
18510
75425
54081
41792
4186
4824
3639
63220
265004
8073
2107
21868
33904
28120
7100
69401
190049
60948
35212
4276
68339
744
51074
748
1600
4438
32497
4503
44737
21010
36436
41345
19851
176609
18805
32252
53352
63336
27605
72844
28680
37310
50996
36303
33362
4778
12110
24867
6987
62464
3196
28996
38588
26597
20779
1174
10632
58693
38044
2038
8579
15945
47104
104807
38689
41313
594
27515
13259
78361
6960
29873
22020
206759
24585
73332
5403
23922
27522
16594
30926
65534
23413
16191
22770
32190
11471
20877
19972
12568
11524
77455
13064
95708
52370
731
11392
28031
75263
30638
13562
9508
28493
34506
61200
28490
4072
1093
75409
24076
27228
9236
25636
2639
5348
55985
21527
15647
78797
19846
4118
24410
5458
36944
47537
32839
2
1733
43801
29082
25623
32082
23108
13556
33868
6328
3967
32752
27693
46192
6631
28294
63023
3408
48066
27800
43290
64843
36776
3231
61662
26771
35984
12829
40101
16537
28837
44309
36645
30202
33643
25574
11832
10713
52701
6834
35176
2212
2321
13906
20170
24980
2065
46882
11279
21592
25978
21068
35656
55866
44086
8162
29964
124523
50897
29042
3315
56473
99939
34656
16499
28430
34205
36406
18987
55222
34784
17052
32763
22376
10785
17629
8767
48188
6149
34994
24763
58294
1857
29723
5508
29425
5795
49856
7721
6094
6562
4949
146223
63042
49693
60213
25027
36397
24605
19121
3610
83653
34028
73522
2086
29963
19347
30536
26718
2748
30715
22763
56171
37745
11244
51260
41463
1579
48092
45367
7335
34716
17850
6200
56179
34073
23463
24416
92223
30430
23475
25745
58302
34822
51115
50005
51962
38896
10220
48733
4330
5862
44196
58753
48375
25033
3108
38193
16364
38822
59247
5574
11142
8158
1860
13402
33714
34277
25286
163643
54145
37861
18505
30742
56975
47282
18596
60309
2382
84539
29634
58057
27592
19973
6018
66696
14895
1472417
17763
40580
24460
1734
12452
1708
35396
11540
2804
37863
12720
6110
16402
27463
94905
16011
6593
7080
75778
120
49368
19890
9998
21466
16350
3306
421
42072
24346
1313
19369
92492
1824
69799
308639
46
278
38136
23336
46722
26920
4614
69585
40113
71550
73584
57259
27909
412775
29985
38049
20279
48471
44316
24830
31342
2990
167939
25224
74032
27608
19992
57731
1652
36271
2072
1014
35357
15622
13121
444149
70921
52230
11112
1822
38264
9457
19198
6254
451559
35057
16932
46063
72460
10953
27044
22621
17231
91326
33684
26099
47645
7686
42968
14333
96988
55226
42920
54523
6057
9531
29668
19314
89315
42766
31185
8696
56163
31150
10760
34884
49571
73418
185423
17796
2828
18035
60594
49103
14496
57220
14641
30698
25751
28943
9288
23265
18392
16926
10174
15020
65933
74307
52816
22320
20129
1329
8214
85949
26431
27148
35663
18537
38389
3397
6815
67982
4852
5543
32067
20607
20389
16665
9882
9522
12040
734
2802
28560
27469
59386
33282
73905
41814
26881
1208
23490
3905
4033
4832
16837
47356
732
12910
9006
26058
20399
16611
19683
58873
64554
38629
30181
48560
47117
27746
65129
15138
39838
35057
2998
2799
32284
46667
41820
10279
6881
168575
65004
33865
2894
351791
28761
56362
4516
17339
75078
52458
13428
4329
45770
46453
344
9581
10967
6080
63979
22613
29213
62523
89308
68537
17096
20544
21791
46313
34869
48180
9574
16442
25374
124519
25242
45135
13570
62462
65357
2367
2780
50796
27392
36865
20345
159623
2540
11004
14971
45157
79059
26953
41573
1998
35514
57699
537515
43097
78911
93391
385
3304
33105
60325
12795
34426
1901
45944
160614
47110
22157
58093
93649
24118
7094
49566
26882
34805
90510
38437
22911
17785
41364
8637
11439
33297
74820
8
97163
28856
79569
26372
4089
5716
24042
2871
18468
1336
465
32804
17391
27297
35881
26281
31144
58052
7693
65427
1507
10939
22017
26675
73007
2660
10204
95630
21221
29346
22283
5820
142337
48280
96599
42803
5733
16589
41484
14945
20914
34467
17254
39053
5489
3424
26188
12506
459
48418
3986
19820
62472
17684
71502
70559
60351
30890
25112
24025
4539
5100
39346
16986
175
35841
24540
42407
18242
51956
8690
21667
12776
22476
15555
124244
72
22533
6864
48597
259172
17946
64106
76101
9775
21018
45712
29850
457
26439
1286
5138
43843
31533
60034
3074
39814
46463
28120
45360
260123
23091
22975
51039
13544
16426
15882
35555
38272
21762
24177
91631
47610
76082
67547
7194
29820
1943
47864
42631
19930
28750
1034
1890
241
12300
1668
3219
19436
34159
23673
36489
47325
40595
28542
35529
17599
6481
86633
4249
31804
27452
4067
461319
61924
25175
31344
8301
40058
21540
94820
30106
15738
10630
32058
51292
28460
69236
833
47193
32496
25712
22384
26910
24373
162
53269
32632
21364
67742
35420
974609
23431
3132
81784
63073
16278
29351
46649
59333
192275
2287
20977
1897
42788
55921
52030
17664
32927
54723
31457
88943
30817
81780
10379
32046
10404
41299
31543
148819
82994
998525
22205
135386
1572
27430
63367
47582
22622
31484
21182
84089
7141
956
13400
8280
18785
48778
11020
5785
14855
85376
19254
32357
45117
66000
44730
14987
22595
17442
9222
16436
82030
7688
72836
25851
22637
37469
489
45196
66570
45039
29722
3262
19793
60918
5524
41673
32361
70401
64
40738
17607
41597
23916
33562
19737
1650
40108
47702
10997
16728
62516
50784
25146
40905
552719
25585
30557
8037
4771
42564
118619
63902
9305
13428
3628
19719
17219
5156
28172
10904
1921
65615
203489
105379
4338
13697
35538
29436
280
22982
8561
80372
4257
11172
18564
13349
37334
30174
23496
121049
58257
196
11286
11250
44393
5288
6289
22470
46965
5799
74219
291
24018
26001
2983
24458
874
42373
34809
10576
64733
13695
37760
21958
10940
39799
80205
24966
94219
19120
68935
10004
20687
20847
1288
22737
29954
94188
3159
15189
53985
14939
33
103359
82393
32016
6417
107679
5873
38548
5478
89039
34346
15335
57424
1052
67243
58912
3011
43825
76260
8367
8635
113247
19212
26730
2684
62760
23394
22252
15796
39476
3100
24788
18891
17699
43152
19339
18621
41020
158075
57799
31918
54498
22447
12808
75281
23413
19835
58032
74351
52173
53310
25161
52794
5798897
9016
2260
4292
50473
585
22686
16223
10002
116687
13831
2366
4958
29825
20619
31796
11630
26751
34125
164607
53807
29637
17323
11820
3520
10474
60348
57757
55061
26861
859
41104
167347
9304
35554
61667
18493
245258
52767
88107
69967
15590
18455
7546
30933
38884
69402
81847
26347
39872
16987
184211
197954
5750
77634
41870
140967
30330
6946
14160
3200
14857
4264
218
18906
54972
19169
31408
62044
25537
27161
18168
30899
44331
429
38301
24909
109
50235
57216
43505
2490
40294
13369
29613
6385
59414
41426
86459
18576
10664
71011
12095
3940
67411
82023
44091
52876
11403
15007
20966
31768
61663
53942
78077
30887
17747
18645
11299
19058
49133
15789
860
370
42999
8338
39259
1106
25499
8483
14190
59089
60995
62743
66880
57698
54066
73944
58948
17234
13745
20271
30688
43562
531999
67394
42397
14594
10437
2829
26601
9789
15480
7050
38479
103244
43967
25125
530
50515
18260
63717
3100
1704
8245
19210
83661
37668
26940
17432780
12538
25669
8150
26565
10090
27451
70456
72977
28626
64022
616
776
22066
36926
56058
57824
80496
39130
31053
94267
23402
16982
40709
10872
24725
12047
816399
41614
47897
64247
37467
65582
42001
11532
40452
20016
9320
4618
29840
1918
18670
4863
17187
42973
30122
34124
95369
7999
14180
57949
119
8728
23407
19137
5675
42377
40815
34734
76192
14314
77798
10193
58153
81168
21332
28794
91499
67625
4124
3776
27745
17802
20791
6621
39104
5026
46778
3752
47145
2003
13183
18004
6874
14922
53137
22778
61033
23591
67042
6707
102923
59198
22654
12695
4254
61599
30498
62415
4900
21093
27846
3301
29405
29730
57422
39031
8862
74677
25251
18904
10417
1200
57281
1667
20441
38729
27126
34158
33699
23331
18491
35137
52274
21402
40626
18553
25752
49029
1328
50840
28026
18154
40636
64332
66576
42188
22633
14518
349649
6682
231
313851
12249
22435
7570
25687
25240
43374
3339
50647
6615
64186
3952
12133
27796
2430
25616
1435
51370
4091
27297
25846
5369
92959
58178
22295
61340
34085
7448
61707
41364
4840
44346
10612
13510
31758
9012
12142
66239
38597
20218
6971
5205
28275
49170
5237
55483
34688
23161
21334
21391
13254
12141
10769
27296
22330
9
35129
41344
18327
33639
26915
57486
65126
30626
58523
14689
8739
34853
8976
6203
80555
33513
43558
33250
17031
7752
23665
6246
44033
37553
45368
4347
87575
24269
12657
24529
101089
2275
72959
32609
69295
38523
24949
7845
41964
23226
9183
27626
72967
19932
29016
37778
77455
72
9240
5261
91534
86639
81512
32782
46005
42935
35523
47965
17941
66505
986
75716
23779
59676
7012
14541
67450
77323
42900
59619
20652
71513
44714
6370
32431
4862
34474
21772
1309935
16030
13860
13360
43325
18817
43948
23982
16255
28398
7205
12132
75
509
57261
14694
1207604
82428
58387
47411
29969
50872
76448
68192
43184
31950
54892
19530
30630
15961
28154
4332
12584
62875
426
25430
17280
30845
39435
62334
942
16272
24623
83606
23122
18909
26079
20132
9878
92577
25418
10574
24473
21199
27689
52447
8547
80511
26827
31466
29612
8580
9553
27651
69843
87198
6930
147783
10581
24216
13062
8364
4088
4138
19934
17491
67849
53412
11298
16163
21176
45397
5781
1986
65351
25617
9820
21553
8536
748
135680
69615
17645
78390
39548
40150
50595
49092
12273
24659
6520
14913
47121
38172
74424
165519
18445
39259
20805
91086
22725
1162
386
2975
43117
29973
3046
61208
12344
49623
41337
3314
32204
8163
1611
15959
70523
51211
2792
40366
451655
32117
43212
4167
1602
52458
9045
26065
48391
74332
76824
28622
8112
47319
109259
35409
71312
54232
42563
38912
45684
15234
12800
34276
24761
31217
34232
20049
11175
31601
16288
65
51883
17721
18762
22663
86466
20965
37248
1885
32330
29026
10010
5646
69042
11711
41812
16687
70679
36859
14768
40
19908
20747
76037
11858
3123
2424
33341
28024
321
7290
23887
148553
15863
6475
26460
88113
14063
11069
9834
1036
54166
24919
72100
45679
13960
22393
12534
6766
5429
20097
16963
13716
30331
3094
14834
2429
65809
29844
59605
33135
69606
49191
15460
71114
32912
42957
52114
1409
40313
10456
541
79911
57708
13589
62288
45741
63501
41703
3090
11430
95542
37436
1750
35311
32909
7167
9826
9075
58343
19519
69390
44086
15424
19677
4644
1739
22084
31881
22218
86261
25381
320
54331
33607
54361
60743
6289
12490
2420
7646
80352
277
23703
50350
79603
25641
16835
39275
15898
10377
14316
49560
570
12118
24691
64540
14005
40831
15777
26002
44994
976
43327
18394
2812
17247
36633
58859
14010
14642
20505
13313
131
21385
73923
9026
19582
41785
9111
1307
10100
28593
27430
43367
46676
16088
24528
41030
40261
4837
24564
6852
2075
24768
46262
8980
10392
17260
26049
38120
33270
31417
36644
45750
3510
49690
16171
69634
24289
14211
19956
19628
13870
19480
447767
3854
44944
49328
62655
35054
19188
18816
40604
62716
84472
42109
23033
8168
2031
73675
13168
35704
1614
26290
3575
626
25248
31416
72224
18567
38219
6040
22604
13807
58325
42285
10979
24366
63609
170699
1513
28130
3223
39802
52112
34269
42608
1087
30202
58569
53171
6707
4142
65889
25153
52047
2650
37427
47620
24825
38864
28520
5981
1668
54800
58046
91602
54851
13694
14031
22806
35310
67919
3331
28296
3024
3398
19748
90143
23480
65754
11817
10413
45483
32515
81653
51271
70877
26047
14108
10605
24400
3117
1126
64660
60397
58108
8323
852
66186
30866
12932
23367
24433
12819
5775
50336
47568
73542
80576
9373
5548
51738
37719
20819
52535
22742
4189
38787
13426
72750
44405
52275
37144
197963
22133
44567
8951
22667
30240
21495
36026
3480
63506
39876
44407
15216
29153
55852
30403
129700
9551
22623
20731
24701
24197
41096
29354
61341
64951
2690
366591
8768
40539
32627
30067
35338
6716
48739
51455
27147
57416
24646
856
21609
2090
54115
26622
56725
141359
22524
52065
13605
5526
10842
70793
13316
56982
47152
9148
51835
7743
52107
20334
69976
30437
34748
11686
46282
13434
11033
43822
56919
860
3798
12125
12498
9537
25256
75216
8612
4722
31730
38365
32076
7225
18334
11722
19515
6392
77675
43216
21747
50047
56373
40233
9659
1798055
49777
23088
2545
15842
35684
54508
45240
24405
43899
7161
37320
29590
28973
3660
81600
12372
18879
22623
80096
51549
32366
17154
8039
6696
35108
50492
15578
61782
9633
48599
2616
30354
50560
55251
47119
31156
148121
64800
13693
43327
3256
37449
178
55028
77240
21692
1001
26478
4795
6934
51971
5861
53632
29134
57332
39076
8304
46183
74662
4842
59252
16918
68451
19596
52574
41999
1078
13099
19587
3864
30764
10189
82810
618032
6486
64852
6650
49033
75201
29988
40075
12516
12873
36080
62156
20015
30863
27699
36079
1800
20059
32580
78603
57800
20910
7032
75671
94132
46224
87704
24428
3204
43786
61520
72941
28252
254399
106749
31351
21029
7033
54849
41619
943
1231
43849
46532
63547
87345
20891
29088
708
25148
68416
74071
38300
54333
31171
20119
45081
8079
75171
18042
58182
9620
260441
17180
6438
51912
25751
28785
23164
79439
49297
23432
1221
60804
223739
53610
12169
51702
6488
41057
27492
29657
9882
18070
8046
35937
8462
57586
58981
70768
17261
10670
43041
4331
11957
13007
50092
40007
1510
69069
69307
14355
36465
55252
10139
53369
45374
14675
20772
50680
21927
5238
21984
21206
26746
9912
73423
15191
46310
4436
31016
60335
5320
63011
37421
86507
73967
22209
15858
21310
61486
31255
8729
7846
34679
44701
3202
338
16898
19299
19528
68179
827
3558
71305
15057
33596
26524
43017
2002
6418
82215
50280
24819
1490999
63523
51924
52695
18612
27503
40044
9435
33052
30416
47246
53999
56679
213069
7324
5867
35240
52847
10732
48377
61443
29908
6692
14916
34074
38985
10097
21453
16857
41066
48797
19310
3834
18016
47685
49972
6080
14634
55486
21058
77742
32615
42891
6880
30076
48108
51123
38580
72294
53557
146075
2884
7780
1414
66252
45894
24023
27
12497
33225
21439
379
43583
85567
43317
16656
78561
32305
22493
18967
27929
10706
9474
34079
59118
1992
41554
45197
45855
1244
16409
39818
65373
60326
91152
53793
71964
80065
1908
32408
30668
11051
30328
61301
4223
1821
4319
14315
11373
36729
13390
24425
25746
30928
18956
22428
60496
23346
55933
45233
328859
29562
6968
59805
14655
69237
8043
55678
34207
44369
62010
25710
69743
27338
71334
56785
2691
9324
66113
17176
15356
10997
44378
40895
42787
57541
43727
2336
12330
10582
64292
36716
3102
29456
25857
17124
22649
4557
64009
25821
28875
68524
3170
83526
15580
20907
25942
36000
48710
20582
368045
349299
22773
67566
51844
41081
9982
49615
77074
51446
19987
22811
61289
17383
7590
11521
389423
23622
32618
11490
17320
4482
18221
82063
31209
33468
18386
16422
67704
44352
19782
72882
34951
47375
19652
48985
94835
32802
11750
17335
55097
146575
28110
36960
8544
20906
33001
20272
25098
22069
42780
38859
416
36909
43160
3673
5390
12268
31192
40393
4679
35653
35706
35110
53863
852
32900
41621
58255
12875
75363
12897
1047
58626
8769
40117
12065
14768
31900
74580
118727
7531
4982
80043
6717
23099
53317
52984
18528
9100
541787
23600
49814
56113
8112
30097
412645
61066
12941
9135
29373
10556
53799
25294
42895
34371
146807
21024
57141
24172
39317
60998
43823
43732
60886
89547
15516
102504
9379
32757
26565
38051
27465
56867
7495
60929
32714
50696
55977
46226
32326
498
7350
1983
13464
5539
19154
8953
75938
32953
48053
73472
6522
73544
50471
30084
16473
44027
18981
12563
6466
15771
3715
68190
28253
50
39405
12187
28777
86704
27558
36772
11925
61011
19335
162567
21030
58772
1683
9435
12948
39676
3341
13728
42680
12405
17701
21171
3159
9362
36696
25234
33997
87416
81236
21142
256814
52544
77534
28990
44717
51614
28205
79575
20119
27025
2518
32612
7853
22249
36874
44784
11716
16704
16209
39573
11098
45934
3861
61841
13231
39817
53220
877
10022
48913
30307
50606
35212
63058
37530
44364
6263
64390
40683
50728
19833
36974
31775
26957
15319
34656
31219
24234
642
49444
41746
86969
50861
19482
32540
19480
21447
17531
71906
8990
368639
64759
14856
27370
62451
75509
34798
20614
24220
5324
4544
48575
20697
5543
4119
4712
34233
51636
7109
36515
40457
66582
8088
7878
1925
11004
10143
6654
74555
53397
24498
71994
27294
80787
47890
440087
55735
2286
10327
78720
143065
29990
43119
133275
32947
6214
33188
26352
43103
11698
14880
24240
8673
72587
1902
2037
60759
74533
10197
8694
20006
32480
836
17193
29788
205104
28314
8875
1111
7140
46660
23672
29901
27240
36447
33514
3035
17300
6221
25746
92177
3918
8359
31407
433919
9629
43592
31654
14254
31567
25351
75251
13608
312
1326
25025
49809
52044
14289
4302
8427
11370
15938
14828
22002
78126
4132
217039
21345
9232
37876
3454
73697
92193
49044
38097
10518
1755
7576
46545
32085
48037
33495
12410
24159
40702
20738
1965
112571
13475
44854
35860
20820
19780
9516
57507
36655
59805
7764
1886
5776
2085
67170
34143
16913
25014
5975
17276
22876
50831
41746
14098
34730
6579
20696
44247
8868
30125
22445
12893
26488
74148
66347
15405
60123
2993
8655
2533
44675
4180
10905
81646
5065
5030
47989
30125
2681
34095
62047
14835
93327
21384
33754
4990
25471
3944
56424
413699
1144
18588
26635
14891
4620
26320
48278
61268
3177
22615
24611
3891
51193
14500
22918
4349
82474
5484
1643
29477
215126
46640
6821
35447
72632
33774
45914
7784
49385
12280
14237
30927
50476
1731
17743
48772
3966
44917
11898
4545
37463
15059
42717
175359
32458
161279
22185
5392
132344
57994
46038
17305
30448
53126
98429
44416
29100
60145
5177
7514
366
16560
40325
40510
35516
34107
46838
9533
12930
12596
64678
854
3772
53192
15413
74748
31898
74877
29012
2492
4600
34792
40687
45685
25823
34616
16093
11638
37701
31
9104
23641
14025
6384
39526
94159
39511
51243
19142
7327
5189
12143
23934
13920
60450
21720
32635
463
87232
62507
27639
11807
45876
96
29383
20239
63618
1215
71785
44874
49695
23147
38610
840
62309
65718
10015
26736
18594
130367
44640
6753
37082
5313
60645
64570
30771
32723
717
55250
66148
43536
45408
23201
56260
466
66952
40928
71669
30479
35346
8715
24670
48626
22408
27605
14966
9342
36051
28900
57997
51207
8149
5868
34831
67123
684
19996
21513
46224
25885
32494
39326
15408
23510
27125
23509
32869
75174
25487
60076
72697
19225
3637
69435
14401
25033
25384
11796
57491
13699
53637
4747
50038
51749
203
64527
57590
1125
78821
563
86747
6377
42341
13887
16495
23997
23157
41834
36477
944
15719
16500
61973
340703
767249
77106
33564
29786
99247
436
19442
37534
27
576839
560
15032
46417
73802
670
45288
2626
26374
45216
28998
74130
8141
60343
74851
92294
5845
20246
44390
43955
17066
101149
56705
35616
43935
69547
35695
2868
598
22222
1917
29515
76666
32221
35289
50396
308249
27419
32927
64919
16764
39053
47502
9799
8888
66270
30096
32074
71362
49845
30271
72597
1074
16902
18978
31590
8903
43044
75039
101687
30265
72099
56092
31473
27905
30956
43527
12950
16230
57431
231649
17137
89275
51653
85557
19267
31060
803357
53180
46870
42963
16112
85345
31259
19741
18158
42269
6493
31274
1106559
58098
686
7110
51989
10628
57298
38246
23087
49533
35156
22183
21126
28675
35437
93191
4810
9072
15542
38538
1451
22440
35609
29249
9121
19861
59413
13403
8446
24465
1810
34861
37959
16350
79571
52361
69110
14972
585
11968
53247
6960
285
35735
74120
1683
13905
34346
17044
18383
16966
31429
30294
49270
45987
46079
28437
9936
124095
13422
30523
50166
34040
3447
35385
390
25856
14680
8688
101
56987
24271
120
17366
16365
56941
47356
61963
2052
81746
37360
4136
28240
48583
3808
1368
50956
13899
5722
21120
9501
33702
24626
8206
279460
45801
23534
18811
33272
2399
10865
14688
65543
51040
1542
89853
27372
21890
99044
39229
12039
54714
29100
36100
89192
26996
9070
8235
40242
2382
17569
2940
56004
54364
98020
21451
43427
22232
2634
3440
13611
45718
17865
9339
18099
19396
7953
259919
10569
6389
60088
10235
1189
58
44148
2337
66212
10518
60850
35032
27972
92377
34316
30170
1662554
7497
33330
59918
41910
22776
79265
7538
39422
33582
26031
7630
4874
33201
18414
33911
13585
10892
2058
58882
14350
66812
81843
71127
41195
15918
30586
23200
19481
14307
10379
24282
17034
26957
18045
74400
4833
38617
160
9319
90295
69720
28072
20620
4659
84899
15316
1134
19134
68397
17416
76706
47797
4309
77487
10670
15215
30797
64376
17025
5103
136899
62289
75468
24648
28784
32179
55871
167037
9094
34810
51531
71446
33715
31760
11578
72478
42921
36065
3024
14439
9144
50704
59865
105295
34019
17658
3738
52620
32965
20476
13889
70616
7539
52400
2643
90303
88742
61072
22234
56759
82184
76639
269471
66735
192177
7590
3266
39389
680484
24783
30943
85908
68058
22640
7082
23609
18170
44814
17209
49474
63359
17219
51020
28629
7413
4232
48017
5216
22434
37879
74442
30750
14890
50666
24909
23910
16568
250
19684
26540
16097
22313
2416
25146
47794
24483
53906
47946
85247
3105
75959
25389
13508
72459
6538
22440
4608
13840
25838
285548
48166
43001
68318
28279
20557
20152
46847
41393
176659
85594
24797
35096
45914
56837
4441
53175
12200
2916
5343
66323
10394
3382
89476
34550
59613
163484
53960
78992
8721
11774
19647
50029
52742
77005
39782
39743
53065
17569
197
70933
56260
17790
30394
44796
24954
64376
16770
42795
64249
57960
56276
83371
6692
36091
63447
29317
63195
54679
19406
14681
36838
12046
27929
12364
1304099
28299
29199
39330
13321
85991
7032
48320
33071
58050
11129
18856
29066
33389
37009
42969
47760
7590
4144
20812
43494
10244
56306
57388
62784
26985
34360
62409
24766
15207
7380
24927
13187
18916
2479
16342
25781
76256
70154
12942
60313
16400
44202
26628
31683
12149
7629
27053
45181
16491
72235
15780
25510
37737
95129
75645
30143
31108
9895
7133
74539
46356
25009
12912
92004
4895
29888
52071
72923
51542
22382
19104
5574
94828
31503
42928
35073
200
31656
59132
43028
13416
55346
3433
24115
50604
35811
3783
29109
111191
24691
14969
14333
31849
39968
43061
26486
10007
78880
51098
11733
22699
81011
89439
17995
55728
30526
29760
1736
62432
29483
47915
35665
15171
1978
60086
14583
8612
47756
30806
46907
31830
48423
40160
38989
38714
49715
33213
23313
28540
43489
45879
20945
79665
45829
15780
19406
45315
26102
50960
43017
97063
58102
48851
149135
29097
5915
2679
62170
51132
75042
18175
27324
13101
27829
49509
72112
29607
17441
49549
45274
48588
17623
7274
6265
6025
6464
71745
77829
26533
72677
94691
34945
36548
33981
70289
57800
26259
22140
37901
2160
9182
47429
88845
78506
32367
58340
53814
35244
63786
9336
2802
70820
49506
48300
33409
10184
57380
11393
23995
3051
7553
47583
51653
18714
880
6681
1307
10803
91613
266707
148784
39450
203917
74701
6518
11867
32813
2787
14187
38522
287
2497
38641
41293
21537
150
42477
31313
9225
34600
19530
92177
79670
41653
48419
69954
10243
52169
9025
48417
6139
68186
74406
2619
31813
26832
34348
3496
48800
8298
19376
31028
336803
21634
19946
1515
50232
20422
59005
146145
12652
43867
7840
8295
65555
32098
33257
89408
19264
17030
30807
46606
35036
7832
24573
35965
27762
32152
104404
39
29703
4054
52782
24760
688
24177
61590
10908
18874
10749
153633
22400
59928
40030
41126
62720
13306
6596
40105
19380
40117
52403
35082
3032
68807
15334
35671
7366
12510
32648
24394
71406
3567
40131
62917
37276
25205
3234
24314
15680
5139
71505
381407
78558
88229
14757
44575
99455
54404
29538
63600
17736
64287
9500
1794
44670
41361
53777
30134
59380
12445
29608
3057
59185
75361
25667
38256
89970
936
28133
14710
27309
15674
7669
71453
124
14690
49900
1238
23458
61042
65328
13803
11781
40357
24270
6513
23505
13513
5110
63898
31029
60722
11659
8112
9845
1911
17714
32917
43946
2576
82893
5607
11548
5700
21285
26497
77631
54252
79142
33873
2093
52060
5157
15171
1275
37810
8944
9977
45110
1288
40818
78717
22508
61599
29358
24258
49734
9909
5171
25358
5800
3660
83333
18909
48364
34598
2234
28926
12211
82446
15592
3761
13033
79931
18501
58014
49788
48403
44195
40813
71847
70143
90882
2862
81995
11748
17317
18427
25291
21355
44324
54119
9672
12757
17980
29428
42190
6097
84627
25754
109199
23209
15904
33777
93315
7480
8960
11324
35559
53522
78420
1612
33805
29853
37921
34121
47388
31460
78763
25656
61821
52539
2464
23925
3269
5976
24975
15022
60870
33709
15123
2297
68408
46772
81246
30735
3568
40107
28537
55950
40178
25905
197315
40505
40740
27352
55859
1077
31225
46442
90791
15142
21778
45563
32449
52569
3514
8677
2452
33360
91087
12384
2829
67599
32926
12777
3733
17028
70773
85239
25639
50677
37968
584
28429
824984
44660
47173
60026
52392
52003
23464
13988
31208
17408
26981
4862
2932
39205
89257
216
3972
50583
6873
52
28650
29527
25984
38415
18314
15054
14352
2928
19995
44942
14838
73455
10872
46758
58978
30581
73992
10462
23634
11042
30346
41823
73805
224
16459
2498
16697
16526
30897
33237
24100
42435
27046
1055
18030
62245
31040
86064
30279
68496
9238
16929
47708
23465
43631
26242
22990
945
41801
58911
11697
79626
42319
36498
19071
12836
14796
31037
9935
51246
59493
64449
52624
28000
10986
21485
38616
13884
31805
19347
1480
41894
36867
1140
2850
38822
142911
27766
86879
47095
68213
3345
23563
65578
1310
41037
40597
16580
47281
13098
20996
25953
16758
66709
18774
10009
41701
3372
39230
8251
12796
73241
9367
23886
49938
11962
24562
37851
19899
19630
50849
27933
26483
30410
4362
27615
9323
4322
33917
57082
44108
27237
49547
15012
2696
6798
11981
2484
40487
35184
22013
142739
24253
60045
50178
19088
43379
27346
4898
6949
45717
1248
10027
9799
38420
16846
718079
17232
12672
68899
33627
4968
55752
42596
1726
34638
27641
76447
5279
29572
10950
7481
15259
20725
36400
52765
49799
16697
77743
9863
6329
60005
82279
58511
30311
56241
38994
66504
73394
61886
41014
40964
51227
36478
27279
4694
44620
1621
17376
6068
33941
26163
28122
88038
5611
5904
2710
2871
68940
436
16051
61631
28607
41843
15559
13709
31014
31979
1372
53541
64064
46542
16050
8947
5392
8672
11871
6445
22743
22008
53083
6725
83040
4506377
9523
62164
40385
71736
49280
9180
44681
254879
58190
91076
43633
40919
33986
27498
5091
44066
17462
22530
59336
32793
81049
30347
52512
24302
46081
1936
59579
3434
3947
49529
79310
28227
54997
46039
51033
9697
37974
23645
877175
10080
59486
74432
9456
69271
15881
33076
61826
59969
444927
2743
17502
26597
54917
42629
67806
28444
16738
2974
4122
35651
1752
80263
53724
39929
37797
36406
42190
55536
68620
49419
18340
5909
1091
48862
2980
9972
157008
9029
501
33071
58000
38038
32868
66594
12310
540
31884
33317
82864
21846
34589
95258
42006
21248
55398
23850
49353
14229
69115
10891
22259
82895
100589
12029
2319
2052
31807
14230
29183
178793
22529
60906
12184
38764
32764
63705
11409
25403
33775
87165
33489
60260
63089
36680
5531
51523
41119
8163
52297
19859
20404
63679
10098
25601
30445
58906
29076
22450
4196
47887
33039
21413
82029
81842
46404
201
49220
30322
33519
3372
42839
9190
4685
3794
75434
47296
48691
15056
45935
845872
77154
90639
37360
3194
8211
72439
6907
1264
48749
22187
15739
67744
264
244079
38379
12260
26642
22334
18333
15192
3409
40577
11195
32459
74663
69686
26997
7081
178807
16980
16724
21951
53534
1744
2658
52599
4236
33832
4904
40616
42589
25815
29046
7382
11197
32991
13862
26231
5841
30186
44730
44788
17999
24454
44030
9686
140479
70622
265467
69966
27969
214631
9330
34178
24450
82167
52783
9744
19547
37739
28416
40523
10483
33079
21168
11600
64481
12597
27285
10998
21858
51517
25235
46182
17651
53691
53071
52
48041
6429
14062
13516
49055
56373
23282
33392
90247
2742
31100
22911
95535
38418
56320
71200
57416
35226
14243
14348
32599
30597
35644
70289
68265
400
12018
11085
4796
61438
98094
14563
6802
46999
30068
15283
26933
78856
64216
37392
58950
16086
669
67325
22942
22855
320619
3016
24008
55061
63979
23254
6624
5870
245447
21490
37548
30462
10838
28216
13794
46649
74513
72507
12557
73895
14589
87941
2987
52442
28887
31108
32503
15113
3052
19163
26584
926
4048
5552
41667
100943
55676
4200
5708
7507
39805
21502
13818
55619
66606
16914
22276
36800
60754
34348
55092
31337
23939
33155
4549
30493
94790
49833
44565
50161
23978
54503
16720
34388
154889
55536
25570
30029
31257
49652
14118
160
37025
22626
3183
48946
12054
5095
65882
52637
43329
62768
27340
27945
14982
44555
22196
30585
44485
6788
21710
40670
49348
44157
55907
11015
26080
36344
3316
14781
18275
339
29126
4596
172913
55342
48255
41170
12660
55149
912
48765
59764
13488
29801
9230
50881
39582
213179
4260
21490
96410
27553
56942
10996
40891
66700
48016
30777
43040
32803
70125
14520
18761
10691
6023
8156
20030
46494
372
38171
2513
25090
26221
84439
154
16092
63977
302745
46639
45864
16961
23
45844
28664
14224
24433
18272
13136
32076
38435
8142
32873
39315
9581
6870
41727
25669
498
28334
80644
2420
58023
55605
60409
2072
53665
32722
48076
38651
29995
61905
9072
42704
59241
60603
1295
26993
10619
52722
36372
52205
37128
25320
3872
9675
20358
41940
13519
49253
148148
38921
21318
81878
26787
11379
31940
47161
29730
15516
40115
37200
71660
45612
19216
19936
31574
78521
55763
67894
36477
47234
28516
3879
31143
37389
28533
6916
44159
51909
16585
41866
49900
31864
64089
26459
58233
40846
57871
7268
34476
2447
89268
76941
20633
9547
58234
14346
13449
14471
72444
93175
80824
2985
54546
7194
27829
39475
61396
11513
7644
29123
42614
15486
1675
54586
49845
189657
11525
23930
89333
67928
5034
20978
9398
2825
69844
14141
25963
26066
3220
49996
34588
11328
83715
16938
13412
7602
4823
27481
61077
33084
18297
39720
19430
47798
3148
53705
71728
101969
48216
59119
38508
21095
19392
10192
5442
81553
48250
341549
214
14211
52380
956
6466
67772
30809
55567
25770
51579
10905
5877
29381
5049
9126
76783
27504
54659
68193
42330
419
8606
17659
22442
44497
38384
858
15968
3223
21630
11759
33299
1152
6496
24333
65141
21604
48484
9225
36166
65401
54264
4771
118355
21508
15276
38915
60309
82126
72500
59895
41367
46544
13592
29369
8596
20721
81262
74234
57239
51405
9797
13350
16461
47445
33313
31288
46408
42437
18195
63265
26307
4647
40862
45906
29255
63567
26424
2503
37409
39987
40054
32535
1407
91658
32457
16574
83168
38935
32109
53659
23058
49547
31584
37238
69031
22455
22227
52340
7296
19066
30427
21263
11552
15057
22807
31204
46777
21063
27927
46233
46125
23638
14323
92479
72367
75790
53237
59485
27464
27147
5037
14922
55726
7040
42075
2678
5774
4255
18426
140237
44735
64828
97736
3914
50823
49529
42911
30065
8441
18003
69409
11938
25799
40278
10947
20072
28286
31131
20240
22435
290459
16306
47272
75052
57344
55255
33364
13561
43830
114575
2984
84689
11118
44745
16624
9974
13140
21552
43715
54265
51722
712
15497
63990
14556
63450
29717
4813
27115
6547
16400
13275
39738
6736
11817
23568
16407
30136
2448
97156
9489
20763
6696
4235
57379
28369
42644
54285
46767
10740
511
53174
22570
44478
23340
22830
12980
7758
47638
65432
86351
31964
51160
38763
12735
30753
112997
54712
14870
12685
21974
81109
33879
52124
9351
55470
6458
6825
48076
21496
18759
31132
9368
29882
1036
81816
35309
15831
2767
65358
47429
52615
131
38737
52284
17681
38554
20230
36340
3436
44113
54716
3152
20912
4593
206
46232
25441
2007
26631
61063
82957
20370
26975
55692
10340
2039
7524
23089
45784
8626
32643
22955
7181
170867
14069
12782
28432
58565
6732
11697
1502
35386
7376
62494
20607
4091
12597
22252
13722
9434
23115
33611
41481
57385
215297
25569
14778
36256
36738
22960
56390
11376
68930
86772
86335
50375
43545
58199
54938
52728
56300
28047
6206
371279
47141
48162
9943
54231
55998
51137
4904
45131
65920
55011
24597
100619
24349
89607
53812
18057
60686
32755
7944
42490
59988
10863
10178
27281
87851
89350
3500
2852
25090
5270
29850
100253
60050
14898
43674
10780
24295
25228
32251
4868
69096
14263
48887
10615
364
5442
21908
9765
12510
9716
16528
8775
20934
21930
38576
31263
32871
37982
19458
16940
2300
33789
82099
18547
20441
28694
59762
87341
10874
274
10238
32642
154
41260
5229
13273
30659
30252
46692
63282
62671
35533
18128
27283
68378
23192
21072
37269
58227
70042
86983
19706
13298
18060
56492
180799
57332
19414
23952
28145
28532
23820
48176
51487
1473
50822
13608
22138
10388
58967
69978
30670
18625
10340
673
13953
18915
60891
51936
55334
11927
46693
152759
8315
637
88695
11543
31668
29383
39141
173229
69088
11073
11681
23966
37622
83260
35646
52452
22169
74522
28828
24069
45923
58164
13497
21160
36386
138
66563
12243
6520
46660
80984
51188
42949
46307
66280
20086
29216
9672
69003
29702
27696
32925
7863
66073
24724
83664
78151
10056
37563
28042
61765
44654
7256
16447
2304
62667
52414
29316
4512
50845
11438
59918
39008
77060
62970
59316
8982
78906
55659
69259
59602
30675
66
61065
23864
4414
12159
58463
26018
3336
1157
8079
17769
10786
45232
34535
393
11466
41
8120
11098
39021
81674
73213
64473
38816
63072
62449
3456
81983
16172
41757
34488
22955
89468
5947
41349
78563
14839
78834
4731
92810
14208344
23923
69489
60730
32124
36645
29513
77096
14309
42829
37841
49089
14067
41577
9354
23758
23523
72641
52692
13244
23863
27233
67133
38845
7742
10707
27414
25857
26799
61910
52299
59801
11471
28021
60497
29815
17220
1302
62608
26317
41185
6604
84455
13423
20457
9282
54001
12468
20606
11141
35383
515
11680
18306
138566
61651
15688
11676
5630
619649
10967
19877
70588
60275
21965
478
96189
3798
78989
1348
24024
3299
43781
50763
8151
47755
17538
2611
28416
176408
2910
45034
44627
44080
13499
34279
23224
126191
37555
47209
21927
35643
35765
21382
9029
25555
42652
11194
79389
19705
84022
80671
48
20549
14100
15105
26249
67146
60519
59605
20452
45094
16711
1067
34260
11849
68504
77069
56145
36070
65700
16568
18514
12159
67334
19982
10655
45438
21302
33148
88014
58235
19420
3540
29880
42557
101967
62549
72911
47395
23948
12755
70005
8173
1644
451619
17415
123038
25437
61429
75346
50924
9505
43507
57735
29157
4243
32307
52051
241229
73535
34030
76420
345099
26322
7005
6905
96427
39880
65632
44252
28111
4677386
61583
12612
23652
29654
65158
48126
59476
59640
3815
33107
14294
72288
20113
37813
2385
21003
139
11598
303335
72983
6459
14108
11343
8080
3940
3936
69322
11609
48162
20139
3360
7709
40571
52037
219479
7910
36505
30157
2557
10922
16110
67917
40353
11384
188
20053
54043
13749
4981
2544
22170
40973
41051
25656
20544
45703
47016
33829
23136
18522
8568
1298
27283
42697
4253
1295
317
77924
59636
27299
19055
29283
27952
8637
11231
76295
32784
41735
12160
44058
47824
109916
1246
8360
37184
9262
60528
29145
60562
34192
522
7556
28225
168
12299
38190
25915
37471
13796
41850
63219
29182
80759
54589
40833
45941
48346
53582
13088
29451
30067
13976
20568
43255
30129
105115
7621
31128
6414
30963
21255
28318
9070
17069
299144
17278
9478
30279
84305
106124
26916
25134
78309
11302
79710
10435
5140
2556
5695
32445
22470
35960
46403
64880
28988
21393
5633
16142
4180
128523
53879
11440
20920
16708
15038
12646
43410
48220
18917
12903
65456
58351
72519
55151
45215
53055
21842
12155
48118
3010
96426
15456
21063
4707
10473
58525
17744
15797
15193
67051
32380
23964
20099
59604
2315
73956
35680
38639
53906
86459
15233
36012
46322
24929
52772
847
16518
52358
14702
23844
25957
13499
9584
2178
9373
52818
45814
72063
16672
76212
35578
54086
41855
27495
65936
77195
40767
31098
13162
17316
11655
15458
13818
21816
54179
27303
33079
52416
12558
47132
7216
41748
40563
80189
40800
7238
85986
60505
26826
12549
1639
13071
20502
30007
19066
58281
85548
31432
47314
385989
9681
7760
2087
15364
47411
28607
2063
10084
8482
33510
13743
7671
79466
50522
19332
61784
22518
65770
17070
23319
8445
23274
47781
8236
29807
15299
8560
18200
40065
55997
56998
994
29398
25125
45335
84464
4977
55745
25242
7968
26362
13731
63981
33440
40934
23029
20745
24848
10016
66
5608
14859
54272
30432
113795
2281
29960
24915
39886
9095
12346
48456
46338
2055095
18541
40092
74914
4450
71160
7427
8803
17095
24353
563783
59713
10835
33357
27048
42623
6263
53821
6211
63276
98287
3163
2010
129995
34801
30733
28437
20548
73752
20305
31251
555
19747
21233
17290
68586
87291
37825
74287
78620
3073
59119
9126
34016
10993
46872
35985
73019
86639
48858
39861
31848
15110
27550
68440
4056
28459
24361
52010
43230
69358
18684
17896
63239
5264
12028
23503
42868
8181
34457
31305
23268
354176
32738
52140
21815
37144
40238
41786
33680
13201
19733
10707
36078
278
2088
4296
15556
4758
38527
14499
39779
67981
23664
2461
125102
12226
44827
10184
82464
29368
19831
22413
39304
32896
10048
35113
78929
33481
42206
20189
34542
11300
16071
101249
19098
70041
74501
192499
30527
152999
71185
72363
712601
34025
2324
30173
56633
51424
38818
38498
1638
0
8884
9531
40693
82778
3050
23488
14529
47745
26451
66269
9998
89448
28534
12
73135
6613
72182
72863
40036
4419
59057
13489
18857
8706
40048
68844
13554
22680
66425
984
12180
14250
19550
9468
76003
37090
879
277399
21850
1870
81695
75655
66663
3931
33108
75900
76191
70391
74485
54011
2309
49683
18619
10512
12151
7980
31967
65248
2840
1509
6327
10076
390
64090
26301
60939
17580
42911
65114
40552
29373
58525
45539
39492
48608
25485
58735
36880
31433
15928
28736
29117
40944
45208
24281
50620
7310
18421
62929
45627
336071
18652
55515
4580
71781
34156
23312
34930
30489
50620
35116
9447
18245
41270
46655
61349
20778
3143
56124
6823
72408
56865
16109
12762
10562
58435
28347
22638
12367
19453
44358
40266
55002
28928
33555
90
494
4829
50325
17080
50412
60677
52144
1102
32478
1296589
33488
61611
2785211
29462
51704
7288
8816
51977
49656
3372
8514
24821
8274
31632
74606
22970
4942
12151
23646
22137
24852
39422
42593
24865
131759
78261
56619
172175
42247
78495
9940
52
14005
61140
59458
11700
9892
19541
51450
60528
17863
29862
15261
13951
52355
37860
48214
2942
92048
54212
45372
77264
45046
61504
52402
28597
13993
29415
69436
71256
38255
20998
41720
60400
35546
258
13720
4525
62796
70101
23322
40004
102563
22048
9814
6490
39507
34045
29684
39041
7380
17728
60648
22485
3709
32850
43513
19110
464
30779
72917
57178
29798
39409
24476
61548
50634
34626
183707
3662
40430
12042
11753
27333
69604
322055
12036
18564
242899
11473
105
16023
45212
41263
31434
78229
6900
4543
47455
8799
29495
16830
18121
36704
74446
59336
8738
81334
15254
29964
33690
21831
63758
37343
83582
206729
58898
80637
51254
72103
8678
15692
55592
48310
39449
95718
23673
4530
25430
30338
21804
364
67614
96521
44692
39302
51726
6121
27279
17367
35843
37632
56658
21828
33322
58067
5023
488699
40195
39700
34227
30942
858
100159
43133
78627
30141
22205
39987
1748
3412
30362
38622
10298
59595
64079
69560
152879
27690
39589
69575
36155
14314
44116
45101
36813
25053
15127
84735
16150
118985
49207
20590
33726
32670
11192
26699
23660
4578
58799
44588
36423
11490
17950
12723
7509
7432
39677
435
36142
11473
2005
7521
37837
14926
26015
37459
39571
918
5902
34191
28250
2025
32907
81964
39039
21198
9100
863
35750
20426
31785
82897
14927
32575
28414
6041
1160
52388
5518
199715
4150
138215
26716
2799
29334
41609
58463
29051
285
50855
26837
59621
17924
40606
36145
32309
22244
54165
11340
12477
92014
20477
75195
2330
41465
26072
33094
26332
52404
30817
23266
12406
19313
29193
25777
23851
39879
55832
39982
13906
10827
16123
2968
26431
1321
14193
40234
41742
45466
55316
45909
26586
18829
32910
28729
22482
15253
33849
61895
21590
2907
40471
17369
1176
2628
59887
24138
2817
4254
46080
36586
25094
10299
49657
9952
60568
66087
275643
53967
50681
4533
10998
77446
9259
11323
42993
73428
1290659
33284
61680
48490
63414
9603
18246
24122
26649
2234
23786
23919
8296
8963
39655
45924
76519
22601
1309
53395
5864
31007
42255
11680
18774
0
76118
49339
11571
26450
50666
17854
16150
12374
41356
46726
19764
5559
21725
6890
43205
33860
20163
19279
71096
38023
62822
35965
21369
7068
77750
6086
4051
19366
9792
19846
51080
65811
66442
8907
18967
67119
35623
42219
10547
48163
9692
27140
57832
2937
11571
3976
48390
79721
34146
10417
34136
50204
26728
18622
3465
46913
53197
60218
31570
1608
58497
1061
69252
62088
35644
22642
31723
43219
4290
70145
8889
37785
12923
366
26004
57455
16551
4801
45433
76979
36091
73705
2536
2217
25341
19760
24308
38688
36766
14589
40130
58322
16889
25127
42410
21828
39911
8765
52975
10292
49272
6163
37099
2226
49266
11315
725
61505
44178
14367
19979
20814
160055
42961
30282
47092
1034
11326
54608
11116
36405
352637
41493
81534
18979
741
51879
19309
4580
33103
23069
12719
28313
59384
42559
36302
31321
43668
15570
58411
57677
17585
49940
89707
98911
13776
3296
42271
6736
89121
1310
15732
46828
11490
20958
12520
44545
13261
992
2777
82854
62140
96490
5860
6284
13445
28024
8160
33364
28812
16346
64372
48912
27850
31444
94895
11815
67750
29912
72477
13998
25292
21623
25580
29141
26043
8200
64280
30163
11332
56130
37870
16098
12879
65976
46449
594
2052
11299
39326
1920
46305
43199
47849
60696
56321
23349
23420
81086
5098
598
5138
50834
44379
33149
2822
38185
28516
11712
1394
67608
48869
72463
1008
3260735
26168
61885
37161
5580
53797
35240
23722
11993
37083
31918
52694
12555
24910
35682
24097
63045
51044
44988
75063
161903
48882
17443
36002
70299
83321
14157
51300
39075
75
31020
66933
10429
9253
30330
84074
12540
97091
4313
8560
22839
11916
38578
11314
69062
329
95273
5068
11969
14592
20202
16210
42176
39083
7941
44461
62874
3222
45817
70411
45545
37357
37288
80507
12595
35311
20691
11282
37558
20944
6283
22302
48449
21070
2064
59240
58089
10660
47099
747
3221
5991
31072
47332
14638
86374
7176
74058
46575
52928
52809
24765
21717
9690
61997
79000
27455
21624
19045
57807
87299
10198
60555
11349
76590
4390
8898
6102
55899
20112
59154
54708
25243
99719
53108
44780
39624
3088
15097
18784
56528
9577
31380
13952
30528
4724
67240
19314
9212
11432
11031
68382
23658
2564
19064
316679
37429
82338
14946
8965
10843
43595
73119
91383
12014
29734
32580
52314
40271
39782
78303
25690
58746
37162
70355
74273
49920
94249
1173439
3694
794
44699
67495
3416
13636
42022
3874
37748
62979
41604
28670
136151
29915
5578
4405
3276
49204
59574
14549
31814
86028
35381
44830
38839
70
48726
20653
43579
30480
26283
4835
122714
19046
78512
18560
63686
127781
18707
58622
84643
11162
18681
12786
58188
3513
20942
30733
58569
9924
43255
9638
35653
57229
828
17950
11572
4103
31839
35162
2773
23468
21888
6034
70656
30793
38572
89152
38931
1180
11358
23255
35804
14115
29941
71311
12014
24250
25421
38104
6502
89743
26936
37679
18047
34725
2356
31763
92495
42
55589
41148
52176
696
56622
8852
84041
16153
200
50117
43397
15212
26187
73658
987
28471
64947
40809
48593
86994
71726
39473
41582
32513
22012
52931
45156
4192
2002
45466
24430
61808
65354
12876
69763
10513
11044
613136
36809
5253
49457
65924
55319
47517
20344
9793
10747
26372
16212
28891
50809
37768
23904
27506
44142
75496
43766
28601
54893
56446
92728
30299
7872
3234
80930
57779
12796
28014
24
8819
34532
86460
72327
236
33684
67081
55993
10719
38554
7581
21086
2082
31791
34213
56600
18369
57
55664
2199
59816
9250
2177
8180
42432
17797
28144
39855
55429
57784
81587
475
56989
8285
57577
54087
101551
24925
7435
22378
118844
29555
22740
83058
68257
4224
80704
9060
20788
31031
27752
40514
11871
8366
26738
24967
3098
18296
37018
37262
80484
37963
78238
19752
28819
53665
4402
5634
3879
36244
14550
65020
34967
24889
5997
7204
44425
14209
1678723
48987
25384
540
2928
12786
39947
7259
32934
78765
63339
42339
191423
16584
77478
20566
37191
75026
32633
75756
21549
27234
4175
36503
33497
38374
8730
44590
25079
7827
2652
55148
70744
18574
35988
22009
4808
22578
27287
692
24662
23322
31641
51112
8594
31341
12711
50817
11194
31154
79906
37322
54516
192609
35373
332499
1485
75098
137843
33653
10804
14541
48283
37696
13640
31878
30408
32072
20996
21886
33461
25209
44818
63600
14716
44934
30634
8010
13358
60866
27476
7630
2198
21263
19800
36933
37964
27818
71023
32043
27651
72450
95551
35561
51912
12589
51775
17880
36435
9952
33890
50445
35484
75777
31795
72895
1119
12934
12490
90623
4
28982
15817
31303
24276
59220
12775
87665
30827
5840
27746
78970
44324
53153
96415
57377
64231
57247
6731
61868
53156
72576
23901
118
20820
40468
28925
161081
71603
28973
79910
30520
7381
11786
4534
36672
44644
35786
12269
736
77336
26676
14844
5576
12943
17707
8621
234383
19160
612
62152
56871
1213
546
41331
32406
3900
33252
19228
71748
46397
38918
89180
25720
40381
59278
3343
27201
38605
86016
2070
54287
21909
75380
1728
71811
47128
2258703
57130
64342
81375
75674
49454
51407
13664
9264
29392
9420
1338
15152
5779
23560
13540
5421
57616
23154
21934
25353
12674
115177
47474
11641
50913
10936
17109
43311
19404
34377
13324
23599
76481
1106
54108
70408
35846
40869
17242
39985
1310
67640
38580
73394
10393
13550
70149
36180
11905
30962
17987
83192
52220
65486
16902
23429
181865
2965
44518
60129
69944
26868
29680
48960
50560
27199
7849
36185
5852
68871
47649
88804
83713
70648
12843
82291
69658
52315
10967
28048
29710
16663
57789
5185
26091
37153
6494
11645
62047
48674
11382
81329
134675
54812
21053
1837
38490
39367
17595
68654
63309
13196
32068
60301
6076
50876
34233
72709
2722
50188
2824
16845
65422
4610
6297
41075
1049399
35935
49664
5474
31707
2120
10743
2640
74803
7216
38687
33561
14343
45869
43504
175174
917
12606
51555
6901
50415
35130
13925
39135
1596
45732
35961
11955
54266
51882
7785
57042
31929
19452
145074
137749
6347
2910
93696
25106
20475
25731
20490
33310
2848
70151
33479
30459
9684
33486
6681
77467
35926
12733
34408
19287
17007
17581
14422
29419
5686
51472
38882
502361
35771
21571
11078
59214
72800
42271
16232
21810
19624
55765
7629
31763
11983
6440
19322
41104
11609
65794
5278
824
68589
58508
6814
10693
38288
68951
175097
25131
28093
30782
60985
27797
50877
87429
54121
16517
57398
38129
52987
58774
45398
73678
11640
8276
49436
7896
41617
17133
647459
10413
151839
52046
33042
38045
5594
19897
28700
36609
23320
7649
31078
22920
77183
8838
17902
70181
221159
32374
3959
63110
30546
46048
8435231
80794
1502
38090
23770
65382
65539
60214
87981
33718
28642
9579
3953
39062
542
12495
20665
53084
27461
53234
62889
58687
51755
76869
4762
52906
47559
49769
41124
42231
50063
2745
6369
55454
28773
48740
136067
29224
89946
17772
30056
3360
28128
11259
42225
30207
36713
346415
248759
92609
17468
60796
641
7001
37797
2960
54040
52578
15189
68145
26008
20730
43388
37659
15598
63616
32530
62211
16311
89658
86031
10285
60431
37986
74961
53475
23035
21694
11525
52908
18804
19635
6200
55798
34024
25287
13285
363
37939
24938
67201
12914
16002
25319
32241
15225
36320
320501
11196
3745
66140
36734
11929
3574
50714
50225
23250
55966
10442
62041
8618
31630
9074
82889
14414
101983
20752
19970
80403
14186
52533
27961
5612
50803
254401
4936
6082
35442
63928
78772
9313
51531
8688
45992
40309
36531
21875
18871
83254
45113
18288
53996
33661
19183
93589
19842
26638
39952
7454
83938
37549
80570
1296
1233
73997
8182
4267
84154
1015
64491
16731
73152
36044
23009
46478
367199
63643
46729
41310
64181
27689
9234
30024
14865
9616
37229
5051
88510
9501
25777
267
24670
4942
39974
155917
88337
18523
52215
3016
31825
602
9282
51185
81944
47265
25019
72932
4395
42205
38930
55545
7332
26463
6180
57838
89717
26532
74373
8697
949877
1942
28148
15268
67339
52760
90781
19962
50581
44146
48188
37393
43608
3150
64466
70655
5807
2628
59575
33311
5844
67122
704
19919
19002
4098
1834
46269
48882
31499
45480
37973
12396
50277
76219
37211
7266
19616
52283
18317
54047
43179
31106
76297
2022
1850
17932
12227
20265
636
63756
17252
63598
22026
60229
67576
30439
54233
12316
51246
8915
32906
67310
24919
6696
38886
23551
192
48898
41197
7587
63971
52269
19218
7066
25565
21152
6390
150764
34435
79128
54862
8912
924
20843
578699
11746
72046
45467
36734
3584
32193
38395
3348
41160
86642
73358
19062
31575
12342
5559
38502
863765
6279
11734
1805
56719
37880
52811
112283
62862
46124
2047
53368
7144
53828
58062
50075
1746
43112
16207
68057
36864
33939
14142
74038
19803
80837
35978
52283
36714
7240
30264
7202
70043
39569
23761
19872
11220
10660
49446
29957
382
17607
28594
221375
18569
29364
101183
25655
42287
26254
54120
43930
8421
14984
28479
36777
14637
21407
11850
81875
23530
8489
70208
13165
40527
15700
5989
62186
38315
19728
40432
18291
20888
66213
114267
47396
17641
10367
42038
27327
590
31974
102469
58295
125
50998
72574
5550
54268
880
38524
23270
34929
6933
34859
264
29886
32831
65530
23296
14280
61705
78296
47220
26085
14837
8437
13495
84228
46966
16059
33302
22196
30408
11314
32935
24054
45829
47160
10733
59539
7792
24795
12813
22969
27496
83695
30255
29568
33009
6819
76194
50592
33251
56133
9273
24436
2412
56719
23766
73839
53522
33938
15524
10970
30925
43034
4725
63062
31305
24969
21036
1668
54011
10234
59463
22045
49996
27655
30323
37377
45255
48119
75443
69555
5094
89738
45085
9810
30766
30652
12606
43058
12054
18074
53382
1044
81047
25442
30710
3326
62065
39194
61123
9241
23662
33882
40432
27715
84010
2621
145295
1890
31461
39137
1040
25192
43805
27369
13860
68707
53552
12680
47699
3750
18546
46158
19315
29163
15848
88763
15323
4700
28116
30740
122399
20108
48952
492
66807
26729
86561
25686
17253
2649599
41980
6925
12031
8602
28118
35636
31525
8094
48678
23576
23500
24296
48529
37138
38288
29174
16510
82482
62520
52967
35252
6047
6114
45990
39908
38584
46083
31254
26330
29055
3780
40656
22912
23777
52480
3705
53716
49399
5244
5713
11106
31289
80938
41571
70812
32062
86555
13542
64040
1766
513
33764
34647
58060
21075
14500
38335
40875
72267
13693
11652
78183
14304
19388
14294
51400
2338064
8221
21228
229263
26604
31083
47283
8749
8011
2776
51467
18022
71318
20320
28889
51796
13906
43346
63035
51370
16204
29386
79434
395167
11970
39534
8232
24742
62247
43218
20531
36587
11783
15561
78870
49316
52805
13438
838
6451
59048
5384
57583
41665
26687
61910
3805
35428
38993
110823
67877
217439
38493
68257
3130
29178
11568
35135
43453
4474
27341
55047
25097
63821
65275
23396
53326
5073
1322
98825
77280
27984
91849
61838
64374
41959
70884
34460
4246
1085
31416
31761
166025
25414
30569
25275
33575
69687
59786
26418
9766
24837
49025
24807
212453
37993
38196
47254
60441
17680
13833
51344
3217
12963
3027
77805
22654
55838
51897
16571
18321
55975
20542
68548
85535
87079
32017
74616
14866
55612
20345
68671
21506
1204
52586
46181
46283
75192
77904
21514
17261
213117
35705
18257
28992
1856
37270
1924
12614
3741
401
1352
30254
57908
46572
42614
3273
61333
1347
13374
17836
11644
249773
21084
37894
27654
35996
8925
4896
18615
12395
98939
35414
59409
353495
6229
20524
4568
13262
10036
5648
24581
6916
9837
25048
31672
3712
32063
28168
4259
9324
42496
37763
28755
6116
11277
2362
18380
16484
66272
22788
63006
617099
641515
3488
32130
17932
2334
42208
29384
8382
23017
6144
28791
38504
33199
47996
5320
30050
34996
245443
23238
84267
10493
42953
55421
42415
206634
43503
70596
3166
36474
6271
29740
4143
45345
4273
34962
17447
252719
30912
528408
13840
11749
24597
23635
2760
73144
7084
12316
128
44171
32947
2400
47372
54166
4068
16786
62494
21286
18510
51543
161
63614
37799
33159
32159
19547
25389
47117
12126
44533
26424
68944
12384
480
40882
2904
80305
1971
29304
94464
25607
42929
73599
44014
96090
61792
35845
4321
77923
18840
31406
17341
2765
43362
78636
700
17104
39692
4200
53763
26750
39792
29277
93230
12731
76478
13556
9487
13150
1162
50343
16134
54965
11939
13565
38687
68399
17664
23584
16936
1805
13398
36937
20163
6617
29346
6732
50823
20270
12433
40611
17470
21666
11397
11050
54821
35036
63754
3292
399
24096
26808
775
84653
73047
3650
33002
61624
3916
1133
0
8214
50426
5880
40344
73080
20615
1776
4812
42046
12907
53568
1711
31557
7728
4624
40571
439523
34335
74400
20564
1336383
31445
68768
21347
14307
3363
76888
59002
3055
11514
6015
80603
46883
8032
37584
365
9130
174614
22301
98
12255
43341
79827
47702
11162
32548
2938
13868
81861
76789
145031
73787
62669
51477
43902
3540
20265
36817
59931
45626
42656
16631
18764
28319
28149
257599
68670
13464
48939
18970
54748
2132
44620
26576
69137
1949
35943
89792
68149
37971
10887
88095
12058
10994
52483
46439
908
32
24706
19955
47806
35447
26757
77563
19070
45604
45641
25217
57583
35814
58207
51408
73171
387245
605461
16651
10632
69724
477
62557
16572
38516
9294
24478
29555
22081
67717
76588
38027
56725
69212
68992
49815
73146
10335
226
5407
11520
66288
8680
44808
77121
1334
50585
52080
7590
34043
3673
61059
106865
9828
9127
2792
160831
23635
37842
69206
15284
11276
269
4190
75896
59069
10757
47160
11711
3068
60956
6771
39159
38522
65827
26245
60175
874
30203
20053
19658
785510
25239
312038
81640
31959
2430
14940
4334
4180
67994
84304
26611
15912
12059
27477
147887
1432
20611
16798
88055
24266
63562
5715
13783
37551
63464
6661
24616
68787
9621
69462
26466
20620
199871
47352
39040
27251
14423
13740
20145
24275
32604
19326
9489
36237
57013
46568
2088
91791
41737
13963
22746
60403
66251
11749
3841
16053
34167
608
74088
10210
25334
36522
29949
55577
22431
7914
19608
44056
10667
54162
8154
2814
21523
7827
34130
18960
56892
11010
12179
20856
31586
3328
3534
14071
12943
28443
47231
23113
68354
2004
71706
20142
47652
63397
29956
13197
54306
141659
34502
3174
54567
17135
12158
11671
14214
34992
6865
35402
51880
226951
40673
40296
47273
67352
46079
11519
7504
17732
508
20892
38144
8293
175
44721
19106
54758
17931
4362
32567
13456
33807
4653
81055
28655
58559
34365
329
7823
20421
10762
15236
81179
45543
51770
19218
53167
25244
8148
11419
5990
3728
46323
2201
29109
15997
35105
59122
19631
80318
17937
39777
48399
9771
1105
1940
5664
31714
239495
34959
76397
13575
46530
27486
39768
62501
49331
48942
16998
27515
14301
66314
1703
39477
10476
15051
67637
51269
40863
22875
54992
19531
48952
68874
54977
5144
28876
113189
118019
27715
13249
45741
150911
45033
18589
88463
4786
56340
53946
11156
39276
35100
43265
81009
22279
1494
75199
132
30155
159017
78044
14179
28855
62810
2208
1241
35694
56456
26906
21525
10792
10151
13228
17719
59086
9539
13893
25469
78630
32127
18404
62392
14503
3264
43358
14952
62552
9812
20788
9979
19580
273
26495
1284
10062
357209
66642
69347
89511
79332
21630
11284
49008
7252
71523
319905
43458
32568
38884
66894
56294
25356
50440
10788
15198
20645
21974
51085
63420
71983
4634
3260
671
31472
87610
53143
44288
22113
35882
63478
34670
5147
38433
27522
56469
20945
8640
4956
23735
5677
19352
36031
42429
58190
22203
16166
36103
64332
52635
16254
10796
3828
4367
954
6437
39136
1849
20027
2610
3411
13935
221869
2792
71469
21595
48407
28635
24388
38867
41412
26288
1386
9032
63163
16863
10708
43488
9098
2200
50675
50528
1832
31947
53931
24864
55246
2360
49602
52497
109
45321
47758
7245
19827
49398
35625
5140
9270
19900
57296
84276
12490
20043
96
26658
13871
33981
7820
61585
5439
8114
9766
1308
39395
77129
18040
6384
174191
18730
52448
22925
4530
51775
117
14303
54195
93721
1761
173018
4691
816
62346
35635
25853
26341
9619
58112
51669
7270
3696
8713
36308
26192
52245
37776
31617
34156
15091
77871
211375
70958
66634
7088
25820
6520
12291
40239
6736
51319
80940
12833
3480
3490
36193
44051
41018
15542
16237
11039
64526
38814
38414
30897
3702
47121
72370
68527
3179
9674
21935
39392
18119
8532
5800
21000
46079
45075
47767
16041
28217
42028
32291
269024
5025
7634
38179
11226
813
18460
21585
40646
53151
18432
356999
64324
71345
10899
137807
89242
2165
31992
51263
314623
61727
93389
1393535
3790
27511
24385
52141
13328
1077
17223
45427
20592
17168
68678
963
11718
14607
63944
8949
44621
21600
11784
37948
2676
452495
36081
68554
39758
150959
42962
18033
17733
24086
29203
49758
55256
176903
566
37686
50513
37605
893
14731
8430
36782
15007
122275
16451
2664
18719
86122
25575
71385
85740
69788
1438
22751
11878
2731
23074
50389
23708
16543
9555
18758
318
16280
1078
80013
29818
601
16804
13862
3495
72868
89690
153173
26680
19048
92300
60949
63660
43677
29764
12362
43689
26512
10974
88083
53466
61202
2556
3649
9662
40368
42267
2928
13885
32212
48814
2200
7824
13742
75761
58370
223835
35707
60434
22833
48248
29252
8736
151699
54477
81561
37062
10713
11835
63523
43241
32002
38727
18768
76160
44080
21105
11283
30177
22111
1774
68132
69512
31499
78592
21684
32458
58115
12559
4616
38024
11220
2238
35551
58480
72598
9420
69319
6540
45910
43931
18611
19261
22794
9619
30729
23145
17087
24343
23475
28796
53425
40163
45830
125861
50512
18485
45786
7551
44045
961799
24683
14625
15726
19243
22090
11595
12700
41760
2487
27105
52041
18783
51943
88397
63736
23737
72961
44476
70492
57248
36603
60375
24960
9997
40767
38366
50025
46289
59766
23370
758
30391
27746
40957
2258
13122
27192
3447
35912
82148
80847
15926
5314
22010
36921
11921
22686
63370
22239
52660
64243
2274
20386
11150
17053
44599
25898
132359
11328
38889
374
41209
3787
27794
57613
59345
40904
63279
22300
26729
33711
44149
12646
8349
48863
22194
31733
32483
34
58338
170444
24193
80072
5518
319535
77378
49632
4253
45851
3036
28425
10676
47973
23694
23526
19743
34525
32418
59434
63620
1908
12252
37021
18800
16048
25868
21824
63633
16489
35676
57396
36773
21638
17503
13693
137552
25678
364139
38919
51219
67225
49088
69135
18873
85915
22242
12833
77724
60689
10930
2244
26368
15991
45985
47015
41052
32452
61259
25641
70957
20993
9570
72399
45159
1624
31849
14825
59482
17650
25601
61300
54140
5423
32555
27651
20063
54204
45000
18473
21728
50402
48229
10914
1070
13735
43106
67241
30732
13872
3901
22220
809
66513
163271
20887
50214
51367
39637
47251
17784
30441
45068
48123
1736
41521
11093
12397
28188
30063
8554
2199
81
17087
2758
59738
36233
33285
16703
9210
8514
4262
29296
53775
3165
31636
79265
6855
59739
65412
26978
12000
2397
19752
25004
22996
8932
38988
4332
13958
68487
2612
16718
543971
61960
61932
25206
59772
1952
9792
52460
36205
69641
28791
42941
21419
45930
38436
3320
35473
7361
68697
62086
19135
13190
64737
31364
50682
20865
61342
25990
82190
14230
63996
31221
26475
74093
29025
60479
16939
21606
77595
31818
34255
25026
17442
20640
17235
61919
20609
50451
6116
21353
10146
46161
12530
38389
25820
48416
12957
56058
15965
25552
27790
60014
58579
14595
79364
39051
4609
34010
12526
37541
26637
21856
35726
16945
14043
74505
53112
51899
85684
51443
45478
20664
923
58246
12509
265
99047
43
9877
41579
67232
13435
4477
25574
28020
3730
36366
1827
54310
1610
24256
37278
49028
26227
15504
37156
78572
29002
11592
31806
31108
59326
14702
53174
46170
11019
415
27103
17661
31418
46074
7217
27969
30688
40577
33179
12839
84706
79013
36560
29916
6740
46765
2972
36331
83792
75432
473
5096
36055
25700
2026
24100
63684
23626
105999
79361
22778
62054
15454
264
10919
10836
39988
24594
3167
18181
12844
20789
18184
69951
2875
21976
55641
28171
375121
36820
3964
81014
24774
15466
61688
28658
57628
53496
58780
73947
24766
52135
47436
83688
677
50421
17988
85344
29653
25933
12150
8118
4356
69281
10404
25753
15499
51364
24435
19947
90343
22404
15962
2933
84114
7767
67247
50250
8474
4716
26472
25276
1956
24849
24611
3877
68392
41979
45648
33468
38376
33620
3956
69545
68826
24874
41941
33786
1008
62296
19006
29940
10887
38863
14693
21763
58685
7236
10875
4378
525503
43540
44052
464663
19142
13846
21584
16542
35528
215487
9599
57685
17709
2897
1814
23535
19246
56884
22512
27858
12935
34078
1953
30208
36626
16071
12164
29203
25276
1504
21579
5770
37823
36140
38011
6694
777
82680
1797
31187
1342
68707
10440
47260
150
51562
25040
3483
64535
17485
39426
13698
34078
18054
38917
38029
21489
34296
60109
45440
53232
48445
85189
86541
69921
14157
17820
2614
870
26656
19909
12338
67007
24601
9566
14029
25913
13160
23819
117431
21844
5370
72311
26645
22230
18834
70327
11347
42638
18859
19170
12613
248
1177
93
6425
26418
29644
14441
38569
65002
3416
48405
23876
4613
30781
41976
84127
39491
1111
8586
266
13826
7186
12045
124949
61967
29459
71427
65435
16077
39314
2527
38089
1674
48448
93683
203
53252
14755
4433
18585
244691
4946
1596
17910
14984
80044
30306
240
72039
53913
2745
36834
28700
15224
30422
3403
54015
22155
14508
14319
78177
54001
46029
7116
6067
1305
19441
62327
61334
41131
49731
34541
5373
2028
65663
38143
10166
31099
44556
21291
22932
9060
4667
41340
34352
78741
20627
47544
14966
70415
25935
11763
85401
112419
103949
16693
28987
80344
13208
9827
67074
24172
5102
61780
9772
77765
76295
10987
75483
17841
5382
11425
39233
48132
3310
60944
24054
43523
2657
12045
14859
31451
57342
27696
20214
3590
44285
1842
9646
839
18396
3255
92326
10233
29772
22226
14070
21630
18292
2877
48416
17657
25851
56267
80468
57097
25663
4278
11738
23096
149791
67799
92228
10645
35271
17160
3188
83124
46965
63418
12375
14084
9702
66143
10364
28607
14780
3218
53201
72
1047
12348
38492
77309
57774
28162
9345
52574
54601
55208
8310
42505
121799
8852
17232
39934
33460
51153
27457
18668
32281
22213
41852
14472
44401
48178
4764
22422
68975
3406
61414
69780
1515
69007
43509
63487
41277
16758
4080
38918
30602
92927
8908
4706
12003
3649
12665
15144
26748
64770
48972
19717
33085
9583
52616
34735
70911
218087
12894
16500
735
26065
21660
58432
61609
33171
52680
16535
8601
38680
55807
40
60525
16472
45926
93284
91278
52686
83687
39361
45430
17956
48607
69741
29987
60591
66136
15845
20821
42816
24654
609
56179
26817
28467
18559
42450
87139
19533
21228
1791
13272
31902
39490
29088
71455
18356
21886
50996
38612
15605
176637
1368
23639
49900
11901
6715
62870
32197
42860
36526
101209
5046
36806
36533
11077
57399
31201
41831
25098
7245
29018
18307
28
36953
53327
38115
12907
77993
35052
27093
81422
31466
30676
55415
1496
48810
23186
39215
49079
15448
56303
105339
30216
22269
27916
9793
50337
31617
49712
26
4239
313
14946
3840
66394
35025
46029
48172
70564
41819
6050
19272
39249
34474
23899
1676
50227
8892
76335
8602
59288
59291
24101
25994
14560
43631
10504
10658
48349
18413
30626
18474
121274
60820
5835
2022
223997
31553
665
3832
22905
31032
35334
32819
27588
31442
48637
19502
2000
3248
19238
25326
12978
58564
36933
19577
40907
10550
19691
53752
17018
44128
4695
8445
8499
15116
80823
24773
49750
16440
33660
52942
39124
27739
57713
27838
5563
11259
28381
999
58066
23993
26073
44658
116180
5615
76826
47792
75471
15759
52094
40954
53719
8992
468
13507
56181
100271
1033044
79012
46164
56086
26534
33533
50417
10312
15550
67371
67330
58175
45614
24728
18759
56041
16865
1450
7438
20978
31141
33186
78741
84675
257379
51421
63695
6320
15488
1419
49147
35421
36757
93894
54456
36720
47320
28566
20502
34105
82182
28657
13830
56207
51975
3717
2081819
15883
34440
127007
29794
12327
33721
20769
69555
36389
68360
84223
63048
29924
17541
51301
48118
10822
71830
53847
18158
22859
50656
12915
1564
14092
47037
47632
48077
28630
79565
23140
63230
36403
52833
17622
6093
57816
39987
18845
69740
34678
5621
84418
40963
23128
1166
86910
3097
2997
34656
12972
47772
39877
20090
38376
22369
62979
75772
77419
17196
47331
53883
6534
12036
36121
38111
28673
12182
25637
12321
5519
22120
22848
17934
17524
14799
26165
59302
64836
17801
16
23356
62516
43215
105461
2486
7826
21012
28267
92240
40939
5224
39141
23049
70992
54027
78699
21589
25935
42112
37856
1534
23398
31274
61969
8773
26089
9995
3401
31249
44257
27050
63723
38495
6133
38823
64340
3667
35012
25101
31686
47511
84809
1397
8220
5718
52647
17508
47441
10730
23581
117743
11223
61250
73086
53498
60222
5729
40365
66899
82852
65559
12032
70177
22645
37250
53498
11193
12059
42051
67645
30059
60919
22349
78559
24392
91785
7497
55532
914
30315
1605
19008
32000
49460
46971
49728
36503
37931
18093
69152
7983
13284
7569
37702
25077
64262
706
14885
36203
36655
29401
90750
18191
66856
5572
65639
14002
72137
23728
1798
6704
72863
64416
62183
58918
1500
12215
25261
38725
44664
12264
63941
56336
18770
49270
40561
24124
8100
12499
86008
93725
29117
7955
15669
11250
22322
87357
21688
28406
2330509
81016
54832
68409
44454
40790
23353
33666
16529
24627
60372
2580
37920
71902
18101
51065
27867
61215
9682
88444
518
20054
38587
202565
8194
11265
36997
41800
124
31271
50181
9228
17628
33188
90441
29499
312831
28758
53547
35839
2224
47239
134903
8191
35831
7433
4529
23922
6625
91808
9703
25443
13703
38370
11446
21045
54515
99609
36928
345547
66120
64792
4061
40731
26966
31415
4361
3953
5320
28991
53825
44410
64948
14358
19143
65501
45764
10225
23063
3745
67602
10231
37267
50949
31920
26906
73397
426
11205
27326
30987
70771
21192
39870
6952
37543
49887
27463
52724
12326
50517
53115
39375
33648
30715
33179
5851
55590
33391
44806
35243
67884
28645
52247
43691
27891
15104
26915
499256
32899
66112
318
31951
51215
12784
11268
24302
75699
56827
22779
48106
32276
360
2090
35126
46719
328
46949
606
51546
50753
821
30417
43168
42222
9139
16349
27836
4822
13522
50140
50468
56585
62444
69698
207044
31241
50751
666
20661
26012
23427
2178
38597
92361
28453
9369
89882
65017
34319
55749
49349
77940
21799
108129
42743
40728
7385
40944
845103
1566
36288
31189
58227
13137
514799
9310
35849
25175
77687
39142
63811
8346
18952
26739
14526
42355
3252
12852
64670
267019
37751
22602
64453
34751
23888
1084
54739
210923
54431
11104
74509
64200
17150
38575
46866
44646
59579
43939
69245
64768
75863
0
8390
51944
35447
6951
22616
32105
1433
64341
2685
68880
20323
24449
68063
313
27530
11544
8950
13793
2386
86631
27917
58749
177759
51095
57599
17102
17243
3378
7782
22373
23057
4023
29680
126699
51035
52681
41950
224
66551
78017
24053
28422
33940
33140
2560
10440
41204
53510
119069
42808
12621
109583
19759
643
51173
18328
18740
57265
414
96159
179807
49926
234409
64062
8203
71280
63507
21938
32981
84009
16816
11956
42694
387
76769
75467
61309
48174
19100
9824
44466
43538
7078
49703
22850
19957
70320
34077
133709
44629
42273
1596
35511
6838
25794
4600
29952
40007
38206
23865
60115
5312
59434
29058
56908
2392
78972
19050
240
23858
24205
13285
79379
12950
970
64194
68124
76979
51570
42321
52182
65090
23577
90670
46697
66623
46112
55007
80092
25983
94331
9123
56144
71806
31264
39724
85118
21621
75551
275
4299
51580
2018675
12661
30306
13769
16924
54799
29926
5967
43829
25178
26407
12706
42778
707111
19942
1620
1414
22963
944879
46620
12689
40241
26407
26652
28273
43898
746
9208
3901
39162
14314
4517
20118
27199
44597
3375
1536
4182
4752
2709
7841
87672
6942
11274
27526
73719
78183
20984
51967
10399
8358
13834
5150
28524
56639
11400
15430
27901
32280
56423
7151
79898
91
65837
6212
11789
43229
31455
44850
30275
22800
39110
52656
12076
29041
22258
17007
34715
18056
51850
6916
15225
64998
17514
31921
40272
41283
20810
29764
40569
64510
18309
27920
65280
92488
13368
7879
15543
846031
14539
22176
61185
14105
58562
55250
81613
71073
52417
39287
105203
7806
27246
75561
18507
48059
5326
34968
5249
19453
2430
78249
77491
40547
27351
6338
13650
15855
67500
62163
3903
18682
636
46575
37986
3537
35614
81245
16226
46178
20443
298619
8520
42494
70120
38259
11420
66398
26457
2165
6904
5329
4336
59197
16019
4902
95132
55527
42809
5853
21403
26809
27242
28067
30105
49677
54497
24289
80761
4085
5217
44495
8183
1239
9162
14598
77714
3838
18259
32672
1404
30482
32209
46067
6623
33664
79312
51930
15525
58580
4264
2988
25107
27280
51065
7922
44135
22736
60536
71661
1064
502
89870
10438
20871
138
4149
40410
18168
34008
14159
7246
1306
51721
36186
38401
36052
2517
55742
46022
23843
47679
20139
4828
20675
41803
1314
40727
78517
80041
21822
41418
11818
22604
37019
14735
7335
15381
40153
39749
11064
59602
26109
81568
25823
12432
30022
6217
36923
4023
46928
24673
5048
60700
44180
72508
65354
25603
7882
216429
5204
19305
46661
4816
36509
13706
80782
5275
32884
19979
18804
94539
74512
11274
14464
92063
17433
41809
232829
37947
2460
13834
10849
3182
63747
103851
5149
19614
36120
59254
17419
45182
20067
17578
18790
5963
83225
78016
14510
28305
2744
32641
18228
39918
36045
12440
33778
38819
7443
19176
34593
46197
17986
230804
357584
324078
28559
1674
40022
44506
44703
13480
9648
1868
12116
11382
64372
21465
24393
10911
22199
18146
6980
2961
32692
10462
19241
13230
72210
10600
23576
24776
8774
35828
255
13369
15734
8785
6123
80658
42405
4424
20461
15884
1205321
27656
22207
60370
31113
63282
2387
89648
25728
38735
11402
60155
27925
68391
14315
26345
16837
8413
39963
62861
53369
77242
46658
36633
29046
26470
64848
8207
14006
64682
11055
23740
65433
2560
45475
4434
54332
2806
21186
26472
69222
8051
50853
2087
18091
8023
33056
18113
25560
18643
88250
34317
24974
56423
35897
3388
18498
1280
7881
17110
80798
73211
41889
26869
19638
3355
72031
34945
8517
25369
36876
9196
21792
39339
55150
18097
10892
1812
6282
61050
4104
14919
53396
52132
5398
9701
37544
8352
14477
48670
9652
16236
8555
18621
60102
40167
59890
49246
53198
32498
35834
9264
11708
13737
41847
28594
22720
22610
18328
25864
8439
48023
64
22165
64019
60984
29560
12355
36388
4250
27440
54415
41702
3598
34800
358913
50197
17481
30689
17033
2397
199919
25722
29376
34358
14585
58101
37875
3001
62235
20543
40346
46339
11344
31476
14485
124475
3110
71627
37605
13361
49397
59275
38211
16978
20451
6672
23951
114993
24635
60799
19352
7913
33898
27466
2976
45500
92063
54666
11828
10970
24373
84314
9493
25074
9952
10722
6446
43080
20245
72162
3762
78253
51638
541
30255
39376
69549
23458
6179
15725
138911
54075
12773
51447
11068
31737
106244
50545
3155
28149
33408
61684
17232
3801
55903
36346
16944
38115
51055
61637
14784
38267
22905
39504
66337
21008
718
15016
13076
74876
31164
73737
11670
57806
34768
2016
31305
26740
2088
11696
82622
21263
12880
27091
12482
22062
7745
9952
103795
1434
9369
96238
18329
3579
14190
15858
54446
3583
15204
48339
87940
13064
17021
42035
0
19516
49201
59205
15824
42415
73527
29029
5867
24794
320
10973
45663
29919
51735
35986
12337
27707
26001
76493
62522
6961
58565
8346
2673
48931
49106
35721
30585
41235
61018
26935
52641
58715
24861
25144
71409
650
23972
10138
40529
68634
54102
31917
21013
23315
72003
41033
46848
35652
30301
42359
164114
77556
24603
15792
30058
13382
72525
54913
16391
23933
26039
15617
7742
10898
30279
13764
5975
14512
17705
28428
83119
27821
61452
79495
52591
56764
68617
11932
69270
109
47652
30221
11093
3097
11856
8333
33231
29368
33718
10508
3288
3913
25237
44830
41040
45446
15557
36975
24370
12348
17987
29169
59141
7075
25096
13439
30522
30676
79281
25907
34258
6191
50865
25500
53219
51417
55504
149831
12695
32354
3606
1623
19783
28535
56902
21764
22224
8895
28902
20693
9122
31851
45064
20311
35681
50526
81802
299354
14766
8087
222975
73479
22895
25292
10810
42114
7613
50737
35538
5293
39859
84562
9355
76505
48817
54835
6615
43728
67259
23288
46670
3870
127
31902
72308
17104
231551
45345
49976
18055
37543
24701
96479
72189
60166
16846
39029
91180
12980
41778
12880
10988
18383
37704
15072
5746
42148
61982
47638
22226
11663
6739
15888
16190
6471
10300
60991
33555
15275
55187
26334
7580
27552
72580
133799
29246
2920
40107
44343
20763
4208
10372
2970
39906
19800
38989
1076
18751
30089
72920
18544
36854
23998
44217
26181
40012
9808
4716
32516
14003
59941
26148
47590
13477
78406
25735
678
35189
14032
29128
12970
11292
11794
50062
42870
12117
6444
25200
39447
19045
112811
23174
20350
24915
49920
29099
41672
28448
5993
20996
41259
1369
28785
1760
8502
57254
51691
26148
47351
62012
56086
25547
20513
51989
1886
348
49153
10814
90259
13910
16074
290926
11432
4452
61920
4791
1337
16519
37842
55562
15636
38272
27547
10990
73704
18646
8824
21982
6378
41390
3700
138749
75502
42481
66914
28211
8291
22943
75164
32844
39428
10674
35839
20427
90065
10996
13213
60564
32063
47832
42715
53214
13185
15687
130079
37564
62802
18802
14693
15784
86792
47385
24995
35773
76527
38340
99208
3122
34654
58756
76044
48856
1315
91420
28529
28305
40833
20810
22025
40218
37875
27572
7757
35501
31041
25286
40832
5829
60762
41808
71658
9916
34829
11345
41667
18145
38993
54479
35326
26387
20180
39600
44882
54878
135727
8682
73500
57358
50342
99539
26000
35348
21887
6477
45138
21629
60482
4417
7661
9335
21840
45297
84686
26349
19808
32951
48
22764
9540
19031
41408
72918
29331
27497
71216
5635
59591
67083
63755
13602
44430
26840
11925
11606
3872
45914
55579
640
26132
14256
3816
11940
79436
12787
21867
32180
65336
598597
1723
78959
20096
1599
19218
9453
33199
31469
22464
32214
24104
59648
24822
5544
38685
656
80423
47268
47087
45440
40546
53
32817
15554
37734
11540
24094
65183
50091
56749
34933
7123
23943
7980
52090
28254
30727
41061
11966
35873
20729
68365
48212
46785
59359
64454
50760
14022
10056
5783
65001
54686
26617
17661
55424
20261
38157
16295
18387
8735
31554
3494
9084
34857
70644
25562
252
50193
63211
12253
47521
4728
31306
59323
3108
19268
32302
23745
46434
32832
4979
591
30385
9927
35522
16893
4230
34045
55640
145511
14559
31707
27333
26379
13896
23987
10822
9844
54808
2823
1378
26939
68822
6825
6125
26361
85056
8506
75674
626639
3288
34222
61197
60679
5059
37234
3210
14
5112
10231
11
28719
10803
11527
53666
75879
34326
1671
7997
114087
37459
62469
83128
3161
29815
31526
1232
54412
7318
14837
24729
53841
42668
663
36445
69760
10422
50731
24640
24823
29470
6986
1936
13028
20440
20018
39669
62412
20110
20821
6428
58165
40552
56017
64316
38549
25788
47112
55180
58528
2510
32169
55172
4168
50025
2915
554798
6869
55001
14500
18759
56927
36846
968
32340
67129
4068
43278
7851
210649
11849
36871
26545
34132
28743
415
53432
9228
329119
13292
21455
24792
8437
3165
28576
26189
610
13146
38788
49238
16243
5724
46768
33194
1652
2243
24431
85663
63204
5683
40529
9018
5116
15472
81343
2479
18504
20059
75242
33575
75196
50636
51724
11894
16510
28525
5328
42456
116486
30904
84209
77784
42373
6494
33671
31895
17216
31689
44577
17759
2515
8155
59438
179684
31725
43011
166
2520
9849
69716
115769
14378
31153
7462
9339
24579
49442
53665
39046
7439
35111
64461
50016
6930
33233
5595
2128
13313
24752
39456
31222
38590
59291
50322
26479
3175
39179
53963
41970
20437
30276
24612
76728
13972
31589
12591
7823
25857
19280
815
40922
11716
15327
13986
35445
59044
6064
10234
32160
38461
22567
69692
19639
50580
85322
30745
64470
42817
25611
17442
233589
43534
57450
9078
38873
289635
8990
52113
14264
25789
20746
64457
34915
49850
26725
21210
35371
853
19938
5587
62274
24226
18767
19853
65605
51730
44481
1317
1294
46110
9492
50262
71879
40772
21036
26716
13898
65973
5374
29650
5216
101343
28589
636404
7747
17438
11228
11288
46880
74388
15263
20431
24845
48137
2015
55930
19716
21000
14502
76155
1997
20475
21755
18176
47971
11364
18067
39886
16663
126394
69087
72388
32274
66634
6201
18653
30704
35887
28401
44418
60294
6649
25795
27694
14395
5561
60292
24141
63629
42862
36588
14103
27216
32431
6653
76198
22867
48350
75520
22556
26024
5357
837
36726
9264
149841
34792
56745
57622
50519
7838
1050
13073
25634
15212
149247
67499
133919
56624
1090
9595
12000
96023
9258
59183
61166
15331
44171
59253
1117
42880
13268
17243
27639
10077
10286
21792
14156
65836
11594
54174
14968
27207
25531
40160
71142
28802
51841
4905
22026
61982
13528
18329
44309
19148
8922
41504
10362
3765
44963
58911
13258
32952
33347
49027
1467
10
34148
72027
2060
7233
8337
18078
64075
32924
38018
59259
17094
5938
87028
16541
16175
83051
2950
11533
6987
2872
24333
41371
3777
45705
23806
74897
17310
26592
14133
12957
523
32412
56256
51583
1762
68010
94483
70455
47760
35867
40888
10512
20562
23096
21640
1640
7281
12064
98171
14687
9704
29898
24359
220967
8770
46171
56770
3101
77203
88654
60645
43980
26281
40051
15251
33502
6696
29019
397
38651
25868
39312
38489
53271
45317
1095
20260
25200
35625
10336
6136
27805
7744
41645
15885
35055
84723
57678
47509
44148
16866
29966
39144
84728
14291
8209
26619
52797
44374
26378
18404
136954
41323
3294
56508
19226
4492
9954
9301
56497
56263
74864
25983
27779
6226
14796
19572
63596
43529
59151
24152
2106
18873
19203
6224
26566
82327
61327
41907
150
15172
35056
11946
14013
28242
1164
30700
16517
65924
5220
10391
74399
6885
16167
48610
84944
38910
25456
24100
26805
58695
12487
38392
46719
24032
37581
13019
59200
61464
72298
47736
38887
27172
26385
11491
1705
26729
1144
46980
36708
61063
453486
22118
10705
18563
20865
22420
4041
6818
15960
27357
80332
50430
23272
16646
796
6555
7952
27240
54945
5835
22485
66344
55162
21784
19375
162
29170
36737
31842
41401
10928
60251
147
85140
11519
30085
21369
5404
8823
7440
32548
15527
19559
34675
37478
25729
11646
606
30590
23124
26019
58455
29822
14918
15002
17757
1415
64952
191939
4316
1768
46882
17066
5142
35547
19173
19879
43713
70268
34359
35855
25635
39312
22722
3135
15692
129
12928
50316
29659
54212
59523
47282
42878
16479
17292
61847
33075
2213
16966
49103
18287
5345
19178
31956
58560
10744
490
45552
118949
68257
11883
37316
48699
81282
3962
4030
46079
47217
26044
12560
77232
5352
4677
5826
9981
20163
4225
6191
32264
26303
11850
50170
61939
41267
13545
35059
53788
48311
10498
44545
45474
54
21656
43956
42018
12140
4173
48695
9145
8901
68969
10635
9837
36376
8497
7341
50706
60150
62048
2289
50419
11457
4604
18900
23272
4872
51876
29995
35485
68356
172205
52096
55668
7325
57794
21891
15472
77705
35690
73103
26403
90
39169
117279
22620
47994
9119
37141
43007
23856
26635
44343
44037
40166
4221
1350
12987
41885
17582
32008
31008
7210
276
55762
24448
84314
40109
31851
50748
92744
51358
8852
20465
854847
34515
14740
24062
63645
36131
48311
47482
31028
20045
32347
16343
77797
11324
36181
26778
1357551
19578
37664
38780
43599
2931
66982
19153
43618
31849
24276
18527
1409
19718
59258
19701
21616
6822
16602
37036
31499
76939
9080
10788
9714
2182
32156
24270
13712
21674
138434
45051
391114
10310
15155
429
102933
74275
34096
5523
50386
28720
75531
10071
31280
82002
85413
11284
23757
78623
17123
21396
4745
7138
3495
20116
3895
39876
18171
20786
328
39114
28496
7488
34170
23919
62320
25904
322829
21465
77769
50939
12134
12721
75927
91089
38349
34297
19749
12672
13280
25982
1516
37746
12637
34192
7915
62878
66411
14764
66665
14105
60068
1791
53630
488
372
8928
9998
10907
18543
3326
43736
12408
35726
16502
15961
15029
45245
60917
2026
31703
220373
10570
10548
34602
41999
15189
89954
61182
50355
81636
94255
54527
79223
18909
54330
8157
4425
46745
8858
71858
11153
37323
1779
3957
19728
45564
42067
37323
17188
7857
14180
5802
65791
26069
33321
31754
21430
15869
438
50347
64696
22679
18058
7464
3506
2410
