239
527
279
899
1511
359
28
989
131
279
51
671
49
63
72
44
230
152
2000
129
32
335
269
323
587
77
113
145
296
97
191
204
56
143
61
45
1403
24
229
47
32
51
51
121
725
98
194
419
170
23
41
48
151
164
53
107
42
2
16
34
439
135
161
57
560
91
56
59
399
68
73
82
187
12
117
80
383
49
122
143
11
489
135
359
70
91
454
391
137
239
143
76
88
133
159
179
2
79
265
21
83
189
12
92
47
169
66
11
28
303
77
159
1229
52
23
431
83
18
614
115
154
123
107
259
41
84
341
1241
51
105
233
647
95
35
203
39
129
259
65
54
1310
95
68
163
73
1103
67
113
83
359
63
289
155
109
1624
45
251
1239
25
181
1439
19
455
167
35
107
47
283
63
71
57
323
35
125
95
111
104
60
269
20
72
95
85
68
98
720
107
137
254
5753
285
87
72
221
54
58
109
57
105
52
170
319
155
188
153
143
431
7125
13
167
135
159
139
101
99
159
569
179
52
359
175
107
191
49
131
143
251
51
69
127
36
827
115
9
34
129
47
115
220
149
83
161
79
45
43
949
59
296
79
350
3527
65
76
230
107
135
72
521
123
17
94
15
1571
101
149
65
139
95
1367
41
77
46
685
45
734
391
57
89
61
26
191
80
272
7
1703
31
223
1484
287
94
147
230
30
91
1259
499
237
24
46
144
15
164
161
84
123
2321
104
71
72
125
88
188
33
89
171
68
89
1214
299
99
103
9731
481
159
159
129
25
265
237
87
1141
131
86
674
3039
230
467
151
459
9
155
98
152
350
509
243
30
2495
61
11
60
419
103
300
99
45
77
49
99
141
49
25
741
137
263
511
59
747
66
114
48
1183
67
46
1028
83
83
101
115
269
41
56
66
58
391
119
494
28
72
146
131
121
93
3598
160
115
7536
68
367
29
122
89
74
56
160
123
13
208
533
111
68
98
79
77
84
35
161
164
161
335
79
16
85
439
81
278
60
99
91
94
49
36
63
161
35
123
143
50
54
97
94
135
33
369
128
359
83
104
135
239
55
76
92
137
143
70
67
599
69
139
135
87
214
237
167
5
143
175
179
167
19
307
55
42
75
139
31
67
399
79
197
197
199
84
111
85
63
350
110
242
179
604
113
119
30
98
63
77
239
127
174
584
40
251
517
135
67
467
61
61
129
539
383
179
97
51
206
33
339
59
77
175
629
227
31
23
72
517
46
299
29
78
31
129
147
84
257
251
109
99
27
1554
307
197
13
91
61
113
247
113
259
54
43
80
28
13
197
208
1769
503
1025
604
284
89
179
110
167
2169
89
1649
443
89
209
81
371
125
101
35
27
67
89
75
83
157
66
50
152
164
131
98
125
87
95
107
12
499
50
221
99
111
109
68
175
68
351
89
467
117
62
116
105
111
79
1067
227
68
269
131
69
10
79
23
23
1023
137
31
246
187
227
99
203
475
197
124
79
503
80
39
62
175
119
147
49
137
287
55
76
33
75
162
259
97
60
119
197
15
241
659
77
395
65
104
119
115
611
134
179
89
43
86
1077
7263
101
419
469
33
186
105
17
107
728
81
81
63
439
1119
167
23
35
419
171
100
87
269
48
323
63
4139
183
105
41
137
63
137
47
479
155
71
42
265
89
30
59
275
209
61
611
5444
58
72
4973
58
539
27
459
115
61
337
32
123
86
160
224
343
965
160
287
181
91
98
32
107
219
54
257
37
77
43
311
101
53
394
629
43
265
233
18
37
98
219
467
79
89
120
110
155
41
129
111
185
395
128
299
251
137
1127
74
49
98
189
49
131
543
377
119
8969
55
109
91
87
107
143
305
161
626
575
76
93
174
329
44
46
9
101
51
56
47
77
97
42
137
739
123
524
103
779
39
158
107
164
15
121
287
63
81
45
62
299
63
47
175
263
62
413
167
61
424
92
34
88
24
1767
188
293
131
51
209
107
82
36
143
113
219
507
335
398
124
85
96
118
137
22
129
191
171
293
186
869
81
52
109
103
759
835
157
377
127
88
107
296
461
164
101
279
179
169
223
85
154
17
107
161
131
401
57
90
161
2999
509
67
39
1351
167
229
20
415
188
143
140
167
140
113
199
73
284
125
241
97
153
129
92
1347
105
581
315
139
623
64
128
145
48
33
359
2561
125
776
41
635
70
32
55
139
223
43
37
123
86
151
104
877
43
272
170
155
93
239
1052
68
124
69
113
319
107
34
527
431
20
203
61
107
76
140
123
23
623
111
260
359
62
63
33
45
116
